#
# A fatal error has been detected by the Java Runtime Environment:
#
#  SIGSEGV (0xb) at pc=0x000000011133e304, pid=3561, tid=0x0000000000000307
#
# JRE version: Java(TM) SE Runtime Environment (8.0_111-b14) (build 1.8.0_111-b14)
# Java VM: Java HotSpot(TM) 64-Bit Server VM (25.111-b14 mixed mode bsd-amd64 compressed oops)
# Problematic frame:
# C  [libglass.dylib+0x5304]  -[GlassApplication applicationWillHide:]+0xd4
#
# Failed to write core dump. Core dumps have been disabled. To enable core dumping, try "ulimit -c unlimited" before starting Java again
#
# If you would like to submit a bug report, please visit:
#   http://bugreport.java.com/bugreport/crash.jsp
#

---------------  T H R E A D  ---------------

Current thread is native thread

siginfo: si_signo: 11 (SIGSEGV), si_code: 1 (SEGV_MAPERR), si_addr: 0x0000000000000000

Registers:
RAX=0x00007f856ddf44e0, RBX=0x0000000000000000, RCX=0x0000000000000008, RDX=0x0000000000000000
RSP=0x00007ffee9133800, RBP=0x00007ffee9133c30, RSI=0x00007fff26c6b2b2, RDI=0x00007f856f89e080
R8 =0x0000000000000000, R9 =0x00007f856ddf44e0, R10=0x00007fff834d71e8, R11=0x00007f856dc281b0
R12=0x00007fff4f3a7e80, R13=0x0000000111382550, R14=0x00007f856df44280, R15=0x00007f856ddf44e0
RIP=0x000000011133e304, EFLAGS=0x0000000000010202, ERR=0x0000000000000004
  TRAPNO=0x000000000000000e

Top of Stack: (sp=0x00007ffee9133800)
0x00007ffee9133800:   000000011133e2a5 00007fff289d7cbc
0x00007ffee9133810:   00007fff289d7baa 00007fff289d78f2
0x00007ffee9133820:   00007fff289956d0 00007fff28994803
0x00007ffee9133830:   00007fff2aa57477 00007fff263f441b
0x00007ffee9133840:   00007fff2614b255 00007fff27cba284
0x00007ffee9133850:   00007fff27cb95cd 00007fff27cce8d1
0x00007ffee9133860:   00007fff25fdeedd 00007fff26773e6c
0x00007ffee9133870:   00007fff25fd3831 0000000111ac614d
0x00007ffee9133880:   0000000123f004b3 00007fff2aab9985
0x00007ffee9133890:   00007fff289e0821 00007fff28a9a4cc
0x00007ffee91338a0:   00007fff289c32c0 00007fff289c273d
0x00007ffee91338b0:   00007fff289c1fa3 0000000106ace465
0x00007ffee91338c0:   0000000106aca18c 0000000106ad04c2
0x00007ffee91338d0:   0000000106ac99e4 0000000000000005
0x00007ffee91338e0:   0000000000000000 0000000000000000
0x00007ffee91338f0:   0000000000000000 0000000000000000
0x00007ffee9133900:   0000000000000000 0000000000000000
0x00007ffee9133910:   0000000000000000 0000000000000000
0x00007ffee9133920:   0000000000000000 0000000000000000
0x00007ffee9133930:   0000000000000000 0000000000000000
0x00007ffee9133940:   00007fff894b8988 ffff807a921dcb20
0x00007ffee9133950:   0000000000000001 00007f856de234e0
0x00007ffee9133960:   00007ffee91339b0 00007fff4f3afd25
0x00007ffee9133970:   ffff807a921dcb20 00007f856f9323f0
0x00007ffee9133980:   00007fff894b8980 00007f856f89e010
0x00007ffee9133990:   a3a3a3a3a3a3a3a3 00007f85720a1a28
0x00007ffee91339a0:   00007f856f89e068 00007f856f89e000
0x00007ffee91339b0:   00007ffee9133e00 00007fff4f3ab087
0x00007ffee91339c0:   0000000000000000 0000000000000000
0x00007ffee91339d0:   0000000000000000 0000000000000000
0x00007ffee91339e0:   0000000000000000 0000000000000000
0x00007ffee91339f0:   0000000000000000 0000000000000004 

Instructions: (pc=0x000000011133e304)
0x000000011133e2e4:   8b 35 e6 f2 03 00 4c 8b 25 8f 7e 03 00 41 ff d4
0x000000011133e2f4:   48 8b 35 85 f2 03 00 48 89 c7 41 ff d4 49 89 c7
0x000000011133e304:   48 8b 03 4c 8b a8 e8 01 00 00 48 8b 05 c3 0f 04
0x000000011133e314:   00 4d 8b 34 06 48 8b 3d d8 04 04 00 48 8b 35 e1 

Register to memory mapping:

RAX=0x00007f856ddf44e0 is an unknown value
RBX=0x0000000000000000 is an unknown value
RCX=0x0000000000000008 is an unknown value
RDX=0x0000000000000000 is an unknown value
RSP=0x00007ffee9133800 is an unknown value
RBP=0x00007ffee9133c30 is an unknown value
RSI=0x00007fff26c6b2b2: .str.41.llvm.FE30BCA4+0x3a161 in /System/Library/Frameworks/AppKit.framework/Versions/C/AppKit at 0x00007fff25f9d000
RDI=0x00007f856f89e080 is an unknown value
R8 =0x0000000000000000 is an unknown value
R9 =0x00007f856ddf44e0 is an unknown value
R10=0x00007fff834d71e8: OBJC_CLASS_$_NSAutoreleasePool+0 in /System/Library/Frameworks/Foundation.framework/Versions/C/Foundation at 0x00007fff2aa51000
R11=0x00007f856dc281b0 is an unknown value
R12=0x00007fff4f3a7e80: objc_msgSend+0 in /usr/lib/libobjc.A.dylib at 0x00007fff4f3a1000
R13=0x0000000111382550: jEnv+0 in /Library/Java/JavaVirtualMachines/jdk1.8.0_111.jdk/Contents/Home/jre/lib/libglass.dylib at 0x0000000111339000
R14=0x00007f856df44280 is an unknown value
R15=0x00007f856ddf44e0 is an unknown value


Stack: [0x00007ffee8938000,0x00007ffee9138000],  sp=0x00007ffee9133800,  free space=8174k
Native frames: (J=compiled Java code, j=interpreted, Vv=VM code, C=native code)
C  [libglass.dylib+0x5304]  -[GlassApplication applicationWillHide:]+0xd4
C  [CoreFoundation+0x9acbc]  __CFNOTIFICATIONCENTER_IS_CALLING_OUT_TO_AN_OBSERVER__+0xc
C  [CoreFoundation+0x9abaa]  _CFXRegistrationPost+0x1ba
C  [CoreFoundation+0x9a8f2]  ___CFXNotificationPost_block_invoke+0x32
C  [CoreFoundation+0x586d0]  -[_CFXNotificationRegistrar find:object:observer:enumerator:]+0x680
C  [CoreFoundation+0x57803]  _CFXNotificationPost+0x253
C  [Foundation+0x6477]  -[NSNotificationCenter postNotificationName:object:userInfo:]+0x42
C  [AppKit+0x45741b]  -[NSApplication _doHideMaybeFakingIt:]+0x111
C  [AppKit+0x1ae255]  _hideShowHandler+0x76
C  [HIToolbox+0x8284]  DispatchEventToHandlers(EventTargetRec*, OpaqueEventRef*, HandlerCallRec*)+0x605
C  [HIToolbox+0x75cd]  SendEventToEventTargetInternal(OpaqueEventRef*, OpaqueEventTargetRef*, HandlerCallRec*)+0x176
C  [HIToolbox+0x1c8d1]  SendEventToEventTarget+0x27
C  [AppKit+0x41edd]  _DPSNextEvent+0xcdf
C  [AppKit+0x7d6e6c]  -[NSApplication(NSEvent) _nextEventMatchingEventMask:untilDate:inMode:dequeue:]+0xbe4
C  [AppKit+0x36831]  -[NSApplication run]+0x2fc
C  [libosxapp.dylib+0x214d]  +[NSApplicationAWT runAWTLoopWithApp:]+0x9c
C  [libawt_lwawt.dylib+0x444b3]  -[AWTStarter starter:]+0x389
C  [Foundation+0x68985]  __NSThreadPerformPerform+0x14e
C  [CoreFoundation+0xa3821]  __CFRUNLOOP_IS_CALLING_OUT_TO_A_SOURCE0_PERFORM_FUNCTION__+0x11
C  [CoreFoundation+0x15d4cc]  __CFRunLoopDoSource0+0x6c
C  [CoreFoundation+0x862c0]  __CFRunLoopDoSources0+0xd0
C  [CoreFoundation+0x8573d]  __CFRunLoopRun+0x50d
C  [CoreFoundation+0x84fa3]  CFRunLoopRunSpecific+0x1e3
C  [java+0x6465]  CreateExecutionEnvironment+0x367
C  [java+0x218c]  JLI_Launch+0x7a0
C  [java+0x84c2]  main+0x65
C  [java+0x19e4]  start+0x34


---------------  P R O C E S S  ---------------

VM state:not at safepoint (normal execution)

VM Mutex/Monitor currently owned by a thread: None

Heap:
 PSYoungGen      total 38400K, used 16279K [0x0000000795580000, 0x0000000798000000, 0x00000007c0000000)
  eden space 33280K, 34% used [0x0000000795580000,0x00000007960ccd08,0x0000000797600000)
  from space 5120K, 91% used [0x0000000797600000,0x0000000797a99040,0x0000000797b00000)
  to   space 5120K, 0% used [0x0000000797b00000,0x0000000797b00000,0x0000000798000000)
 ParOldGen       total 87552K, used 80K [0x0000000740000000, 0x0000000745580000, 0x0000000795580000)
  object space 87552K, 0% used [0x0000000740000000,0x0000000740014010,0x0000000745580000)
 Metaspace       used 18675K, capacity 19356K, committed 19712K, reserved 1067008K
  class space    used 2574K, capacity 2747K, committed 2816K, reserved 1048576K

Card table byte_map: [0x0000000108761000,0x0000000108b62000] byte_map_base: 0x0000000104d61000

Marking Bits: (ParMarkBitMap*) 0x0000000107cefd20
 Begin Bits: [0x0000000108e0d000, 0x000000010ae0d000)
 End Bits:   [0x000000010ae0d000, 0x000000010ce0d000)

Polling page: 0x0000000106b44000

CodeCache: size=245760Kb used=4851Kb max_used=4851Kb free=240908Kb
 bounds [0x00000001138e8000, 0x0000000113da8000, 0x00000001228e8000]
 total_blobs=2210 nmethods=1509 adapters=614
 compilation: enabled

Compilation events (10 events):
Event: 4.176 Thread 0x00007f856e829000 1506       3       com.mysql.jdbc.util.ReadAheadInputStream::checkClosed (18 bytes)
Event: 4.177 Thread 0x00007f856e829000 nmethod 1506 0x0000000113da5410 code [0x0000000113da5580, 0x0000000113da57c8]
Event: 4.198 Thread 0x00007f856e829000 1507       3       com.mysql.jdbc.Buffer::readFieldLength (76 bytes)
Event: 4.199 Thread 0x00007f856e829000 nmethod 1507 0x0000000113da5890 code [0x0000000113da5a20, 0x0000000113da5e28]
Event: 4.199 Thread 0x00007f856e829000 1508       3       com.mysql.jdbc.Buffer::fastSkipLenString (20 bytes)
Event: 4.199 Thread 0x00007f856e829000 nmethod 1508 0x0000000113da5f50 code [0x0000000113da60c0, 0x0000000113da62e8]
Event: 4.239 Thread 0x00007f856e829000 1509       3       java.io.File::getName (42 bytes)
Event: 4.240 Thread 0x00007f856e829000 nmethod 1509 0x0000000113da6390 code [0x0000000113da6520, 0x0000000113da69e8]
Event: 4.365 Thread 0x00007f856e829000 1510       1       java.nio.charset.Charset::name (5 bytes)
Event: 4.365 Thread 0x00007f856e829000 nmethod 1510 0x0000000113da6b90 code [0x0000000113da6ce0, 0x0000000113da6df0]

GC Heap History (2 events):
Event: 1.586 GC heap before
{Heap before GC invocations=1 (full 0):
 PSYoungGen      total 38400K, used 33163K [0x0000000795580000, 0x0000000798000000, 0x00000007c0000000)
  eden space 33280K, 99% used [0x0000000795580000,0x00000007975e2cc0,0x0000000797600000)
  from space 5120K, 0% used [0x0000000797b00000,0x0000000797b00000,0x0000000798000000)
  to   space 5120K, 0% used [0x0000000797600000,0x0000000797600000,0x0000000797b00000)
 ParOldGen       total 87552K, used 0K [0x0000000740000000, 0x0000000745580000, 0x0000000795580000)
  object space 87552K, 0% used [0x0000000740000000,0x0000000740000000,0x0000000745580000)
 Metaspace       used 14804K, capacity 15452K, committed 15744K, reserved 1062912K
  class space    used 2177K, capacity 2330K, committed 2432K, reserved 1048576K
Event: 1.600 GC heap after
Heap after GC invocations=1 (full 0):
 PSYoungGen      total 38400K, used 4708K [0x0000000795580000, 0x0000000798000000, 0x00000007c0000000)
  eden space 33280K, 0% used [0x0000000795580000,0x0000000795580000,0x0000000797600000)
  from space 5120K, 91% used [0x0000000797600000,0x0000000797a99040,0x0000000797b00000)
  to   space 5120K, 0% used [0x0000000797b00000,0x0000000797b00000,0x0000000798000000)
 ParOldGen       total 87552K, used 80K [0x0000000740000000, 0x0000000745580000, 0x0000000795580000)
  object space 87552K, 0% used [0x0000000740000000,0x0000000740014010,0x0000000745580000)
 Metaspace       used 14804K, capacity 15452K, committed 15744K, reserved 1062912K
  class space    used 2177K, capacity 2330K, committed 2432K, reserved 1048576K
}

Deoptimization events (10 events):
Event: 1.561 Thread 0x00007f856f89f800 Uncommon trap: reason=unstable_if action=reinterpret pc=0x0000000113c13a74 method=jdk.internal.org.objectweb.asm.Type.getArgumentsAndReturnSizes(Ljava/lang/String;)I @ 47
Event: 3.588 Thread 0x00007f856f89f800 Uncommon trap: reason=unstable_if action=reinterpret pc=0x0000000113c34114 method=java.util.zip.ZipCoder.getBytes(Ljava/lang/String;)[B @ 32
Event: 3.588 Thread 0x00007f856f89f800 Uncommon trap: reason=unstable_if action=reinterpret pc=0x0000000113b5b008 method=java.lang.String.indexOf([CII[CIII)I @ 3
Event: 3.589 Thread 0x00007f856f800000 Uncommon trap: reason=unstable_if action=reinterpret pc=0x0000000113b8f96c method=java.lang.AbstractStringBuilder.append(Ljava/lang/String;)Ljava/lang/AbstractStringBuilder; @ 1
Event: 3.594 Thread 0x00007f856f800000 Uncommon trap: reason=unstable_if action=reinterpret pc=0x0000000113b44690 method=sun.nio.cs.UTF_8$Decoder.decode([BII[C)I @ 30
Event: 3.679 Thread 0x00007f856f800000 Uncommon trap: reason=class_check action=maybe_recompile pc=0x0000000113bfb644 method=java.util.HashMap.putVal(ILjava/lang/Object;Ljava/lang/Object;ZZ)Ljava/lang/Object; @ 203
Event: 3.697 Thread 0x00007f856f800000 Uncommon trap: reason=unstable_if action=reinterpret pc=0x0000000113cab434 method=java.lang.String.regionMatches(ZILjava/lang/String;II)Z @ 123
Event: 3.739 Thread 0x00007f856f800000 Uncommon trap: reason=unstable_if action=reinterpret pc=0x0000000113d55834 method=java.util.Properties.loadConvert([CII[C)Ljava/lang/String; @ 4
Event: 3.739 Thread 0x00007f856f800000 Uncommon trap: reason=unstable_if action=reinterpret pc=0x0000000113d53228 method=java.util.Properties$LineReader.readLine()I @ 174
Event: 3.763 Thread 0x00007f856f800000 Uncommon trap: reason=unstable_if action=reinterpret pc=0x0000000113d9a1d8 method=java.util.Properties$LineReader.readLine()I @ 174

Internal exceptions (10 events):
Event: 0.188 Thread 0x00007f856f800000 Exception <a 'java/lang/NullPointerException'> (0x0000000795840080) thrown at [/Users/java_re/workspace/8-2-build-macosx-x86_64/jdk8u111/7883/hotspot/src/share/vm/interpreter/linkResolver.cpp, line 1178]
Event: 0.519 Thread 0x00007f856f89f800 Exception <a 'java/lang/NullPointerException'> (0x00000007961dbaa0) thrown at [/Users/java_re/workspace/8-2-build-macosx-x86_64/jdk8u111/7883/hotspot/src/share/vm/interpreter/linkResolver.cpp, line 1178]
Event: 0.519 Thread 0x00007f856f89f800 Exception <a 'java/lang/NullPointerException'> (0x00000007961dbaa0) thrown at [/Users/java_re/workspace/8-2-build-macosx-x86_64/jdk8u111/7883/hotspot/src/share/vm/prims/jvm.cpp, line 1390]
Event: 0.691 Thread 0x00007f856f89f800 Exception <a 'java/lang/ArrayIndexOutOfBoundsException': 58> (0x00000007969183c0) thrown at [/Users/java_re/workspace/8-2-build-macosx-x86_64/jdk8u111/7883/hotspot/src/share/vm/interpreter/interpreterRuntime.cpp, line 366]
Event: 0.692 Thread 0x00007f856f89f800 Exception <a 'java/lang/ArrayIndexOutOfBoundsException': 18> (0x0000000796919060) thrown at [/Users/java_re/workspace/8-2-build-macosx-x86_64/jdk8u111/7883/hotspot/src/share/vm/interpreter/interpreterRuntime.cpp, line 366]
Event: 0.692 Thread 0x00007f856f89f800 Exception <a 'java/lang/ArrayIndexOutOfBoundsException': 86> (0x000000079691a408) thrown at [/Users/java_re/workspace/8-2-build-macosx-x86_64/jdk8u111/7883/hotspot/src/share/vm/interpreter/interpreterRuntime.cpp, line 366]
Event: 0.735 Thread 0x00007f856f89f800 Exception <a 'java/lang/ArrayIndexOutOfBoundsException'> (0x0000000796acfc08) thrown at [/Users/java_re/workspace/8-2-build-macosx-x86_64/jdk8u111/7883/hotspot/src/share/vm/runtime/sharedRuntime.cpp, line 605]
Event: 0.738 Thread 0x00007f856f89f800 Exception <a 'java/lang/ArrayIndexOutOfBoundsException'> (0x0000000796b17a08) thrown at [/Users/java_re/workspace/8-2-build-macosx-x86_64/jdk8u111/7883/hotspot/src/share/vm/runtime/sharedRuntime.cpp, line 605]
Event: 0.764 Thread 0x00007f856f89f800 Implicit null exception at 0x0000000113bb51b5 to 0x0000000113bb53f1
Event: 3.589 Thread 0x00007f856f800000 Implicit null exception at 0x0000000113b8f573 to 0x0000000113b8f959

Events (10 events):
Event: 4.364 loading class java/lang/ProcessEnvironment
Event: 4.364 loading class java/lang/ProcessEnvironment done
Event: 4.364 loading class java/lang/ProcessEnvironment$Variable
Event: 4.364 loading class java/lang/ProcessEnvironment$ExternalData
Event: 4.364 loading class java/lang/ProcessEnvironment$ExternalData done
Event: 4.364 loading class java/lang/ProcessEnvironment$Variable done
Event: 4.364 loading class java/lang/ProcessEnvironment$Value
Event: 4.365 loading class java/lang/ProcessEnvironment$Value done
Event: 4.365 loading class java/lang/ProcessEnvironment$StringEnvironment
Event: 4.365 loading class java/lang/ProcessEnvironment$StringEnvironment done


Dynamic libraries:
0x000000000131c000 	/System/Library/Frameworks/Cocoa.framework/Versions/A/Cocoa
0x000000000131c000 	/System/Library/Frameworks/Security.framework/Versions/A/Security
0x000000000131c000 	/System/Library/Frameworks/ApplicationServices.framework/Versions/A/ApplicationServices
0x000000000131c000 	/usr/lib/libz.1.dylib
0x000000000131c000 	/usr/lib/libSystem.B.dylib
0x000000000131c000 	/usr/lib/libobjc.A.dylib
0x000000000131c000 	/System/Library/Frameworks/CoreFoundation.framework/Versions/A/CoreFoundation
0x000000000131c000 	/System/Library/Frameworks/Foundation.framework/Versions/C/Foundation
0x000000000131c000 	/System/Library/Frameworks/AppKit.framework/Versions/C/AppKit
0x000000000131c000 	/System/Library/Frameworks/CoreData.framework/Versions/A/CoreData
0x000000000131c000 	/System/Library/PrivateFrameworks/RemoteViewServices.framework/Versions/A/RemoteViewServices
0x000000000131c000 	/System/Library/PrivateFrameworks/UIFoundation.framework/Versions/A/UIFoundation
0x000000000131c000 	/System/Library/PrivateFrameworks/DFRFoundation.framework/Versions/A/DFRFoundation
0x000000000131c000 	/System/Library/Frameworks/Metal.framework/Versions/A/Metal
0x000000000131c000 	/System/Library/PrivateFrameworks/DesktopServicesPriv.framework/Versions/A/DesktopServicesPriv
0x000000000131c000 	/usr/lib/libenergytrace.dylib
0x000000000131c000 	/System/Library/PrivateFrameworks/SkyLight.framework/Versions/A/SkyLight
0x000000000131c000 	/System/Library/Frameworks/CoreGraphics.framework/Versions/A/CoreGraphics
0x000000000131c000 	/usr/lib/libScreenReader.dylib
0x000000000131c000 	/System/Library/Frameworks/Accelerate.framework/Versions/A/Accelerate
0x000000000131c000 	/System/Library/Frameworks/IOSurface.framework/Versions/A/IOSurface
0x000000000131c000 	/System/Library/Frameworks/AudioToolbox.framework/Versions/A/AudioToolbox
0x000000000131c000 	/System/Library/Frameworks/AudioUnit.framework/Versions/A/AudioUnit
0x000000000131c000 	/System/Library/PrivateFrameworks/DataDetectorsCore.framework/Versions/A/DataDetectorsCore
0x000000000131c000 	/System/Library/Frameworks/Carbon.framework/Versions/A/Frameworks/HIToolbox.framework/Versions/A/HIToolbox
0x000000000131c000 	/usr/lib/libicucore.A.dylib
0x000000000131c000 	/System/Library/Frameworks/QuartzCore.framework/Versions/A/QuartzCore
0x000000000131c000 	/System/Library/Frameworks/Carbon.framework/Versions/A/Frameworks/SpeechRecognition.framework/Versions/A/SpeechRecognition
0x000000000131c000 	/usr/lib/libauto.dylib
0x000000000131c000 	/usr/lib/libxml2.2.dylib
0x000000000131c000 	/System/Library/PrivateFrameworks/CoreUI.framework/Versions/A/CoreUI
0x000000000131c000 	/System/Library/Frameworks/CoreAudio.framework/Versions/A/CoreAudio
0x000000000131c000 	/System/Library/Frameworks/DiskArbitration.framework/Versions/A/DiskArbitration
0x000000000131c000 	/usr/lib/liblangid.dylib
0x000000000131c000 	/System/Library/PrivateFrameworks/MultitouchSupport.framework/Versions/A/MultitouchSupport
0x000000000131c000 	/System/Library/Frameworks/IOKit.framework/Versions/A/IOKit
0x000000000131c000 	/usr/lib/libDiagnosticMessagesClient.dylib
0x000000000131c000 	/System/Library/Frameworks/CoreServices.framework/Versions/A/CoreServices
0x000000000131c000 	/System/Library/PrivateFrameworks/PerformanceAnalysis.framework/Versions/A/PerformanceAnalysis
0x000000000131c000 	/System/Library/Frameworks/OpenGL.framework/Versions/A/OpenGL
0x000000000131c000 	/System/Library/Frameworks/ColorSync.framework/Versions/A/ColorSync
0x000000000131c000 	/System/Library/Frameworks/CoreImage.framework/Versions/A/CoreImage
0x000000000131c000 	/System/Library/Frameworks/CoreText.framework/Versions/A/CoreText
0x000000000131c000 	/System/Library/Frameworks/ImageIO.framework/Versions/A/ImageIO
0x000000000131c000 	/System/Library/PrivateFrameworks/Backup.framework/Versions/A/Backup
0x000000000131c000 	/usr/lib/libarchive.2.dylib
0x000000000131c000 	/System/Library/Frameworks/CFNetwork.framework/Versions/A/CFNetwork
0x000000000131c000 	/System/Library/Frameworks/SystemConfiguration.framework/Versions/A/SystemConfiguration
0x000000000131c000 	/usr/lib/libCRFSuite.dylib
0x000000000131c000 	/usr/lib/libc++.1.dylib
0x000000000131c000 	/usr/lib/libc++abi.dylib
0x000000000131c000 	/usr/lib/system/libcache.dylib
0x000000000131c000 	/usr/lib/system/libcommonCrypto.dylib
0x000000000131c000 	/usr/lib/system/libcompiler_rt.dylib
0x000000000131c000 	/usr/lib/system/libcopyfile.dylib
0x000000000131c000 	/usr/lib/system/libcorecrypto.dylib
0x000000000131c000 	/usr/lib/system/libdispatch.dylib
0x000000000131c000 	/usr/lib/system/libdyld.dylib
0x000000000131c000 	/usr/lib/system/libkeymgr.dylib
0x000000000131c000 	/usr/lib/system/liblaunch.dylib
0x000000000131c000 	/usr/lib/system/libmacho.dylib
0x000000000131c000 	/usr/lib/system/libquarantine.dylib
0x000000000131c000 	/usr/lib/system/libremovefile.dylib
0x000000000131c000 	/usr/lib/system/libsystem_asl.dylib
0x000000000131c000 	/usr/lib/system/libsystem_blocks.dylib
0x000000000131c000 	/usr/lib/system/libsystem_c.dylib
0x000000000131c000 	/usr/lib/system/libsystem_configuration.dylib
0x000000000131c000 	/usr/lib/system/libsystem_coreservices.dylib
0x000000000131c000 	/usr/lib/system/libsystem_darwin.dylib
0x000000000131c000 	/usr/lib/system/libsystem_dnssd.dylib
0x000000000131c000 	/usr/lib/system/libsystem_info.dylib
0x000000000131c000 	/usr/lib/system/libsystem_m.dylib
0x000000000131c000 	/usr/lib/system/libsystem_malloc.dylib
0x000000000131c000 	/usr/lib/system/libsystem_network.dylib
0x000000000131c000 	/usr/lib/system/libsystem_networkextension.dylib
0x000000000131c000 	/usr/lib/system/libsystem_notify.dylib
0x000000000131c000 	/usr/lib/system/libsystem_sandbox.dylib
0x000000000131c000 	/usr/lib/system/libsystem_secinit.dylib
0x000000000131c000 	/usr/lib/system/libsystem_kernel.dylib
0x000000000131c000 	/usr/lib/system/libsystem_platform.dylib
0x000000000131c000 	/usr/lib/system/libsystem_pthread.dylib
0x000000000131c000 	/usr/lib/system/libsystem_symptoms.dylib
0x000000000131c000 	/usr/lib/system/libsystem_trace.dylib
0x000000000131c000 	/usr/lib/system/libunwind.dylib
0x000000000131c000 	/usr/lib/system/libxpc.dylib
0x000000000131c000 	/usr/lib/closure/libclosured.dylib
0x000000000131c000 	/usr/lib/libbsm.0.dylib
0x000000000131c000 	/usr/lib/system/libkxld.dylib
0x000000000131c000 	/usr/lib/libOpenScriptingUtil.dylib
0x000000000131c000 	/usr/lib/libcoretls.dylib
0x000000000131c000 	/usr/lib/libcoretls_cfhelpers.dylib
0x000000000131c000 	/usr/lib/libpam.2.dylib
0x000000000131c000 	/usr/lib/libsqlite3.dylib
0x000000000131c000 	/usr/lib/libxar.1.dylib
0x000000000131c000 	/usr/lib/libbz2.1.0.dylib
0x000000000131c000 	/usr/lib/liblzma.5.dylib
0x000000000131c000 	/usr/lib/libnetwork.dylib
0x000000000131c000 	/usr/lib/libapple_nghttp2.dylib
0x000000000131c000 	/usr/lib/libpcap.A.dylib
0x000000000131c000 	/usr/lib/libboringssl.dylib
0x000000000131c000 	/usr/lib/libusrtcp.dylib
0x000000000131c000 	/usr/lib/libapple_crypto.dylib
0x000000000131c000 	/System/Library/Frameworks/CoreServices.framework/Versions/A/Frameworks/FSEvents.framework/Versions/A/FSEvents
0x000000000131c000 	/System/Library/Frameworks/CoreServices.framework/Versions/A/Frameworks/CarbonCore.framework/Versions/A/CarbonCore
0x000000000131c000 	/System/Library/Frameworks/CoreServices.framework/Versions/A/Frameworks/Metadata.framework/Versions/A/Metadata
0x000000000131c000 	/System/Library/Frameworks/CoreServices.framework/Versions/A/Frameworks/OSServices.framework/Versions/A/OSServices
0x000000000131c000 	/System/Library/Frameworks/CoreServices.framework/Versions/A/Frameworks/SearchKit.framework/Versions/A/SearchKit
0x000000000131c000 	/System/Library/Frameworks/CoreServices.framework/Versions/A/Frameworks/AE.framework/Versions/A/AE
0x000000000131c000 	/System/Library/Frameworks/CoreServices.framework/Versions/A/Frameworks/LaunchServices.framework/Versions/A/LaunchServices
0x000000000131c000 	/System/Library/Frameworks/CoreServices.framework/Versions/A/Frameworks/DictionaryServices.framework/Versions/A/DictionaryServices
0x000000000131c000 	/System/Library/Frameworks/CoreServices.framework/Versions/A/Frameworks/SharedFileList.framework/Versions/A/SharedFileList
0x000000000131c000 	/System/Library/Frameworks/NetFS.framework/Versions/A/NetFS
0x000000000131c000 	/System/Library/PrivateFrameworks/NetAuth.framework/Versions/A/NetAuth
0x000000000131c000 	/System/Library/PrivateFrameworks/login.framework/Versions/A/Frameworks/loginsupport.framework/Versions/A/loginsupport
0x000000000131c000 	/System/Library/PrivateFrameworks/TCC.framework/Versions/A/TCC
0x000000000131c000 	/usr/lib/libmecabra.dylib
0x000000000131c000 	/System/Library/Frameworks/ApplicationServices.framework/Versions/A/Frameworks/ATS.framework/Versions/A/ATS
0x000000000131c000 	/System/Library/Frameworks/ApplicationServices.framework/Versions/A/Frameworks/ColorSyncLegacy.framework/Versions/A/ColorSyncLegacy
0x000000000131c000 	/System/Library/Frameworks/ApplicationServices.framework/Versions/A/Frameworks/HIServices.framework/Versions/A/HIServices
0x000000000131c000 	/System/Library/Frameworks/ApplicationServices.framework/Versions/A/Frameworks/LangAnalysis.framework/Versions/A/LangAnalysis
0x000000000131c000 	/System/Library/Frameworks/ApplicationServices.framework/Versions/A/Frameworks/PrintCore.framework/Versions/A/PrintCore
0x000000000131c000 	/System/Library/Frameworks/ApplicationServices.framework/Versions/A/Frameworks/QD.framework/Versions/A/QD
0x000000000131c000 	/System/Library/Frameworks/ApplicationServices.framework/Versions/A/Frameworks/SpeechSynthesis.framework/Versions/A/SpeechSynthesis
0x000000000131c000 	/System/Library/Frameworks/CoreDisplay.framework/Versions/A/CoreDisplay
0x000000000131c000 	/System/Library/Frameworks/Accelerate.framework/Versions/A/Frameworks/vImage.framework/Versions/A/vImage
0x000000000131c000 	/System/Library/Frameworks/Accelerate.framework/Versions/A/Frameworks/vecLib.framework/Versions/A/vecLib
0x000000000131c000 	/System/Library/Frameworks/Accelerate.framework/Versions/A/Frameworks/vecLib.framework/Versions/A/libvDSP.dylib
0x000000000131c000 	/System/Library/Frameworks/Accelerate.framework/Versions/A/Frameworks/vecLib.framework/Versions/A/libBNNS.dylib
0x000000000131c000 	/System/Library/Frameworks/Accelerate.framework/Versions/A/Frameworks/vecLib.framework/Versions/A/libQuadrature.dylib
0x000000000131c000 	/System/Library/Frameworks/Accelerate.framework/Versions/A/Frameworks/vecLib.framework/Versions/A/libvMisc.dylib
0x000000000131c000 	/System/Library/Frameworks/Accelerate.framework/Versions/A/Frameworks/vecLib.framework/Versions/A/libLAPACK.dylib
0x000000000131c000 	/System/Library/Frameworks/Accelerate.framework/Versions/A/Frameworks/vecLib.framework/Versions/A/libBLAS.dylib
0x000000000131c000 	/System/Library/Frameworks/Accelerate.framework/Versions/A/Frameworks/vecLib.framework/Versions/A/libLinearAlgebra.dylib
0x000000000131c000 	/System/Library/Frameworks/Accelerate.framework/Versions/A/Frameworks/vecLib.framework/Versions/A/libSparse.dylib
0x000000000131c000 	/System/Library/Frameworks/Accelerate.framework/Versions/A/Frameworks/vecLib.framework/Versions/A/libSparseBLAS.dylib
0x000000000131c000 	/System/Library/PrivateFrameworks/IOAccelerator.framework/Versions/A/IOAccelerator
0x000000000131c000 	/System/Library/PrivateFrameworks/IOPresentment.framework/Versions/A/IOPresentment
0x000000000131c000 	/System/Library/PrivateFrameworks/DSExternalDisplay.framework/Versions/A/DSExternalDisplay
0x000000000131c000 	/System/Library/Frameworks/OpenGL.framework/Versions/A/Libraries/libCoreFSCache.dylib
0x000000000131c000 	/System/Library/Frameworks/CoreVideo.framework/Versions/A/CoreVideo
0x000000000131c000 	/System/Library/PrivateFrameworks/GraphVisualizer.framework/Versions/A/GraphVisualizer
0x000000000131c000 	/System/Library/Frameworks/MetalPerformanceShaders.framework/Versions/A/MetalPerformanceShaders
0x000000000131c000 	/usr/lib/libFosl_dynamic.dylib
0x000000000131c000 	/System/Library/PrivateFrameworks/FaceCore.framework/Versions/A/FaceCore
0x000000000131c000 	/System/Library/Frameworks/OpenCL.framework/Versions/A/OpenCL
0x000000000131c000 	/usr/lib/libcompression.dylib
0x000000000131c000 	/System/Library/Frameworks/ApplicationServices.framework/Versions/A/Frameworks/ATS.framework/Versions/A/Resources/libFontParser.dylib
0x000000000131c000 	/System/Library/Frameworks/ApplicationServices.framework/Versions/A/Frameworks/ATS.framework/Versions/A/Resources/libFontRegistry.dylib
0x000000000131c000 	/System/Library/Frameworks/ImageIO.framework/Versions/A/Resources/libJPEG.dylib
0x000000000131c000 	/System/Library/Frameworks/ImageIO.framework/Versions/A/Resources/libTIFF.dylib
0x000000000131c000 	/System/Library/Frameworks/ImageIO.framework/Versions/A/Resources/libPng.dylib
0x000000000131c000 	/System/Library/Frameworks/ImageIO.framework/Versions/A/Resources/libGIF.dylib
0x000000000131c000 	/System/Library/Frameworks/ImageIO.framework/Versions/A/Resources/libJP2.dylib
0x000000000131c000 	/System/Library/Frameworks/ImageIO.framework/Versions/A/Resources/libRadiance.dylib
0x000000000131c000 	/System/Library/PrivateFrameworks/AppleJPEG.framework/Versions/A/AppleJPEG
0x000000000131c000 	/System/Library/PrivateFrameworks/MetalTools.framework/Versions/A/MetalTools
0x000000000131c000 	/System/Library/Frameworks/MetalPerformanceShaders.framework/Frameworks/MPSCore.framework/Versions/A/MPSCore
0x000000000131c000 	/System/Library/Frameworks/MetalPerformanceShaders.framework/Frameworks/MPSImage.framework/Versions/A/MPSImage
0x000000000131c000 	/System/Library/Frameworks/MetalPerformanceShaders.framework/Frameworks/MPSMatrix.framework/Versions/A/MPSMatrix
0x000000000131c000 	/System/Library/Frameworks/MetalPerformanceShaders.framework/Frameworks/MPSNeuralNetwork.framework/Versions/A/MPSNeuralNetwork
0x000000000131c000 	/System/Library/Frameworks/OpenGL.framework/Versions/A/Libraries/libGLU.dylib
0x000000000131c000 	/System/Library/Frameworks/OpenGL.framework/Versions/A/Libraries/libGFXShared.dylib
0x000000000131c000 	/System/Library/Frameworks/OpenGL.framework/Versions/A/Libraries/libGL.dylib
0x000000000131c000 	/System/Library/Frameworks/OpenGL.framework/Versions/A/Libraries/libGLImage.dylib
0x000000000131c000 	/System/Library/Frameworks/OpenGL.framework/Versions/A/Libraries/libCVMSPluginSupport.dylib
0x000000000131c000 	/System/Library/Frameworks/OpenGL.framework/Versions/A/Libraries/libCoreVMClient.dylib
0x000000000131c000 	/usr/lib/libcups.2.dylib
0x000000000131c000 	/System/Library/Frameworks/Kerberos.framework/Versions/A/Kerberos
0x000000000131c000 	/System/Library/Frameworks/GSS.framework/Versions/A/GSS
0x000000000131c000 	/usr/lib/libresolv.9.dylib
0x000000000131c000 	/usr/lib/libiconv.2.dylib
0x000000000131c000 	/System/Library/PrivateFrameworks/Heimdal.framework/Versions/A/Heimdal
0x000000000131c000 	/usr/lib/libheimdal-asn1.dylib
0x000000000131c000 	/System/Library/Frameworks/OpenDirectory.framework/Versions/A/OpenDirectory
0x000000000131c000 	/System/Library/PrivateFrameworks/CommonAuth.framework/Versions/A/CommonAuth
0x000000000131c000 	/System/Library/Frameworks/OpenDirectory.framework/Versions/A/Frameworks/CFOpenDirectory.framework/Versions/A/CFOpenDirectory
0x000000000131c000 	/System/Library/Frameworks/SecurityFoundation.framework/Versions/A/SecurityFoundation
0x000000000131c000 	/System/Library/PrivateFrameworks/APFS.framework/Versions/A/APFS
0x000000000131c000 	/usr/lib/libutil.dylib
0x000000000131c000 	/System/Library/PrivateFrameworks/AppleSauce.framework/Versions/A/AppleSauce
0x000000000131c000 	/System/Library/PrivateFrameworks/LinguisticData.framework/Versions/A/LinguisticData
0x000000000131c000 	/usr/lib/libmarisa.dylib
0x000000000131c000 	/System/Library/PrivateFrameworks/Lexicon.framework/Versions/A/Lexicon
0x000000000131c000 	/usr/lib/libChineseTokenizer.dylib
0x000000000131c000 	/usr/lib/libcmph.dylib
0x000000000131c000 	/System/Library/PrivateFrameworks/LanguageModeling.framework/Versions/A/LanguageModeling
0x000000000131c000 	/System/Library/PrivateFrameworks/CoreEmoji.framework/Versions/A/CoreEmoji
0x000000000131c000 	/System/Library/Frameworks/ServiceManagement.framework/Versions/A/ServiceManagement
0x000000000131c000 	/System/Library/PrivateFrameworks/BackgroundTaskManagement.framework/Versions/A/BackgroundTaskManagement
0x000000000131c000 	/usr/lib/libxslt.1.dylib
0x000000000131c000 	/System/Library/Frameworks/Carbon.framework/Versions/A/Frameworks/Ink.framework/Versions/A/Ink
0x000000000131c000 	/System/Library/PrivateFrameworks/TextureIO.framework/Versions/A/TextureIO
0x000000000131c000 	/usr/lib/libate.dylib
0x000000000131c000 	/System/Library/PrivateFrameworks/CrashReporterSupport.framework/Versions/A/CrashReporterSupport
0x000000000131c000 	/System/Library/PrivateFrameworks/Sharing.framework/Versions/A/Sharing
0x000000000131c000 	/System/Library/PrivateFrameworks/IconServices.framework/Versions/A/IconServices
0x000000000131c000 	/System/Library/PrivateFrameworks/ProtocolBuffer.framework/Versions/A/ProtocolBuffer
0x000000000131c000 	/System/Library/PrivateFrameworks/Apple80211.framework/Versions/A/Apple80211
0x000000000131c000 	/System/Library/Frameworks/CoreWLAN.framework/Versions/A/CoreWLAN
0x000000000131c000 	/System/Library/PrivateFrameworks/CoreUtils.framework/Versions/A/CoreUtils
0x000000000131c000 	/System/Library/Frameworks/IOBluetooth.framework/Versions/A/IOBluetooth
0x000000000131c000 	/System/Library/PrivateFrameworks/CoreWiFi.framework/Versions/A/CoreWiFi
0x000000000131c000 	/System/Library/Frameworks/CoreBluetooth.framework/Versions/A/CoreBluetooth
0x000000000131c000 	/System/Library/PrivateFrameworks/SignpostNotification.framework/Versions/A/SignpostNotification
0x000000000131c000 	/System/Library/PrivateFrameworks/DebugSymbols.framework/Versions/A/DebugSymbols
0x000000000131c000 	/System/Library/PrivateFrameworks/CoreSymbolication.framework/Versions/A/CoreSymbolication
0x000000000131c000 	/System/Library/PrivateFrameworks/Symbolication.framework/Versions/A/Symbolication
0x000000000131c000 	/System/Library/PrivateFrameworks/AppleFSCompression.framework/Versions/A/AppleFSCompression
0x000000000131c000 	/System/Library/PrivateFrameworks/SpeechRecognitionCore.framework/Versions/A/SpeechRecognitionCore
0x0000000107400000 	/Library/Java/JavaVirtualMachines/jdk1.8.0_111.jdk/Contents/Home/jre/lib/server/libjvm.dylib
0x000000000131c000 	/usr/lib/libstdc++.6.0.9.dylib
0x0000000106b01000 	/Library/Java/JavaVirtualMachines/jdk1.8.0_111.jdk/Contents/Home/jre/lib/libverify.dylib
0x0000000106b0f000 	/Library/Java/JavaVirtualMachines/jdk1.8.0_111.jdk/Contents/Home/jre/lib/libjava.dylib
0x0000000106b8e000 	/Library/Java/JavaVirtualMachines/jdk1.8.0_111.jdk/Contents/Home/jre/lib/libzip.dylib
0x000000000131c000 	/System/Library/Frameworks/JavaVM.framework/Versions/A/Frameworks/JavaRuntimeSupport.framework/Versions/A/JavaRuntimeSupport
0x000000000131c000 	/System/Library/Frameworks/JavaVM.framework/Versions/A/Frameworks/JavaNativeFoundation.framework/Versions/A/JavaNativeFoundation
0x000000000131c000 	/System/Library/Frameworks/JavaVM.framework/Versions/A/JavaVM
0x000000000131c000 	/System/Library/Frameworks/Carbon.framework/Versions/A/Carbon
0x000000000131c000 	/System/Library/PrivateFrameworks/JavaLaunching.framework/Versions/A/JavaLaunching
0x000000000131c000 	/System/Library/Frameworks/Carbon.framework/Versions/A/Frameworks/CommonPanels.framework/Versions/A/CommonPanels
0x000000000131c000 	/System/Library/Frameworks/Carbon.framework/Versions/A/Frameworks/Help.framework/Versions/A/Help
0x000000000131c000 	/System/Library/Frameworks/Carbon.framework/Versions/A/Frameworks/ImageCapture.framework/Versions/A/ImageCapture
0x000000000131c000 	/System/Library/Frameworks/Carbon.framework/Versions/A/Frameworks/OpenScripting.framework/Versions/A/OpenScripting
0x000000000131c000 	/System/Library/Frameworks/Carbon.framework/Versions/A/Frameworks/Print.framework/Versions/A/Print
0x000000000131c000 	/System/Library/Frameworks/Carbon.framework/Versions/A/Frameworks/SecurityHI.framework/Versions/A/SecurityHI
0x0000000110708000 	/Library/Java/JavaVirtualMachines/jdk1.8.0_111.jdk/Contents/Home/jre/lib/libprism_es2.dylib
0x000000000131c000 	/System/Library/PrivateFrameworks/CoreServicesInternal.framework/Versions/A/CoreServicesInternal
0x000000000131c000 	/System/Library/Frameworks/OpenGL.framework/Versions/A/Resources/GLEngine.bundle/GLEngine
0x000000000131c000 	/System/Library/Frameworks/OpenGL.framework/Versions/A/Libraries/libGLProgrammability.dylib
0x00000001107a6000 	/System/Library/Extensions/AppleIntelHD5000GraphicsGLDriver.bundle/Contents/MacOS/AppleIntelHD5000GraphicsGLDriver
0x000000000131c000 	/System/Library/PrivateFrameworks/GPUSupport.framework/Versions/A/Libraries/libGPUSupportMercury.dylib
0x000000000131c000 	/System/Library/Frameworks/OpenGL.framework/Versions/A/Resources/GLRendererFloat.bundle/GLRendererFloat
0x000000000131c000 	/System/Library/Frameworks/OpenCL.framework/Versions/A/Libraries/libcldcpuengine.dylib
0x000000000131c000 	/usr/lib/libcrypto.35.dylib
0x000000000131c000 	/System/Library/PrivateFrameworks/TrustEvaluationAgent.framework/Versions/A/TrustEvaluationAgent
0x0000000111339000 	/Library/Java/JavaVirtualMachines/jdk1.8.0_111.jdk/Contents/Home/jre/lib/libglass.dylib
0x000000000131c000 	/System/Library/CoreServices/RawCamera.bundle/Contents/MacOS/RawCamera
0x000000000131c000 	/System/Library/PrivateFrameworks/MobileAsset.framework/Versions/A/MobileAsset
0x000000000131c000 	/System/Library/PrivateFrameworks/StreamingZip.framework/Versions/A/StreamingZip
0x000000000131c000 	/System/Library/Frameworks/MediaToolbox.framework/Versions/A/MediaToolbox
0x000000000131c000 	/System/Library/PrivateFrameworks/CoreAVCHD.framework/Versions/A/CoreAVCHD
0x000000000131c000 	/System/Library/Frameworks/MediaAccessibility.framework/Versions/A/MediaAccessibility
0x000000000131c000 	/System/Library/PrivateFrameworks/Mangrove.framework/Versions/A/Mangrove
0x000000000131c000 	/System/Library/Frameworks/CoreMedia.framework/Versions/A/CoreMedia
0x000000000131c000 	/System/Library/Frameworks/VideoToolbox.framework/Versions/A/VideoToolbox
0x000000000131c000 	/System/Library/PrivateFrameworks/CoreAUC.framework/Versions/A/CoreAUC
0x000000000131c000 	/usr/lib/libspindump.dylib
0x000000000131c000 	/usr/lib/libdscsym.dylib
0x000000000131c000 	/System/Library/PrivateFrameworks/AppleVA.framework/Versions/A/AppleVA
0x000000000131c000 	/System/Library/Frameworks/Accelerate.framework/Versions/A/Frameworks/vImage.framework/Versions/A/Libraries/libCGInterfaces.dylib
0x000000000131c000 	/System/Library/PrivateFrameworks/FamilyControls.framework/Versions/A/FamilyControls
0x000000000131c000 	/System/Library/PrivateFrameworks/CommerceKit.framework/Versions/A/Frameworks/CommerceCore.framework/Versions/A/CommerceCore
0x000000000131c000 	/System/Library/PrivateFrameworks/SystemAdministration.framework/Versions/A/SystemAdministration
0x000000000131c000 	/System/Library/PrivateFrameworks/AppContainer.framework/Versions/A/AppContainer
0x000000000131c000 	/System/Library/PrivateFrameworks/SecCodeWrapper.framework/Versions/A/SecCodeWrapper
0x000000000131c000 	/System/Library/PrivateFrameworks/DiskManagement.framework/Versions/A/DiskManagement
0x000000000131c000 	/System/Library/Frameworks/DirectoryService.framework/Versions/A/DirectoryService
0x000000000131c000 	/System/Library/PrivateFrameworks/DiskImages.framework/Versions/A/DiskImages
0x000000000131c000 	/System/Library/PrivateFrameworks/LoginUIKit.framework/Versions/A/Frameworks/LoginUICore.framework/Versions/A/LoginUICore
0x000000000131c000 	/usr/lib/libCoreStorage.dylib
0x000000000131c000 	/usr/lib/libcsfde.dylib
0x000000000131c000 	/usr/lib/libodfde.dylib
0x000000000131c000 	/System/Library/PrivateFrameworks/MediaKit.framework/Versions/A/MediaKit
0x000000000131c000 	/System/Library/Frameworks/DiscRecording.framework/Versions/A/DiscRecording
0x000000000131c000 	/System/Library/PrivateFrameworks/EFILogin.framework/Versions/A/EFILogin
0x000000000131c000 	/System/Library/PrivateFrameworks/ProtectedCloudStorage.framework/Versions/A/ProtectedCloudStorage
0x000000000131c000 	/usr/lib/libcurl.4.dylib
0x000000000131c000 	/usr/lib/libssl.35.dylib
0x000000000131c000 	/System/Library/Frameworks/LDAP.framework/Versions/A/LDAP
0x000000000131c000 	/usr/lib/libsasl2.2.dylib
0x000000000131c000 	/System/Library/PrivateFrameworks/CoreDaemon.framework/Versions/B/CoreDaemon
0x000000000131c000 	/System/Library/PrivateFrameworks/AppleSRP.framework/Versions/A/AppleSRP
0x000000011193e000 	/Library/Java/JavaVirtualMachines/jdk1.8.0_111.jdk/Contents/Home/jre/lib/libjavafx_font.dylib
0x000000000131c000 	/System/Library/Frameworks/ApplicationServices.framework/Versions/A/Frameworks/ATS.framework/Versions/A/Resources/libTrueTypeScaler.dylib
0x000000000131c000 	/System/Library/Extensions/AppleIntelHD5000GraphicsMTLDriver.bundle/Contents/MacOS/AppleIntelHD5000GraphicsMTLDriver
0x000000000131c000 	/System/Library/PrivateFrameworks/GPUCompiler.framework/Versions/3802/Libraries/libmetal_timestamp.dylib
0x000000000131c000 	/System/Library/PrivateFrameworks/ViewBridge.framework/Versions/A/ViewBridge
0x0000000111a28000 	/Library/Java/JavaVirtualMachines/jdk1.8.0_111.jdk/Contents/Home/jre/lib/libprism_common.dylib
0x0000000111aa9000 	/Library/Java/JavaVirtualMachines/jdk1.8.0_111.jdk/Contents/Home/jre/lib/libnet.dylib
0x0000000123c79000 	/Library/Java/JavaVirtualMachines/jdk1.8.0_111.jdk/Contents/Home/jre/lib/libawt.dylib
0x0000000123d21000 	/Library/Java/JavaVirtualMachines/jdk1.8.0_111.jdk/Contents/Home/jre/lib/./libmlib_image.dylib
0x0000000123ebc000 	/Library/Java/JavaVirtualMachines/jdk1.8.0_111.jdk/Contents/Home/jre/lib/libawt_lwawt.dylib
0x0000000111ac4000 	/Library/Java/JavaVirtualMachines/jdk1.8.0_111.jdk/Contents/Home/jre/lib/./libosxapp.dylib
0x000000000131c000 	/System/Library/Frameworks/ExceptionHandling.framework/Versions/A/ExceptionHandling

VM Arguments:
jvm_args: -Dfile.encoding=UTF-8 
java_command: application.Store
java_class_path (initial): /Users/raquel/Dropbox/IIT/Fall Term/ITMD_510-Object Oriented App/Final Project/workspace/eShop/eShop/bin:/Users/raquel/Dropbox/IIT/Fall Term/ITMD_510-Object Oriented App/Labs/Lab4/LAB04/libs/mysql-connector-java-5.1.44-bin.jar
Launcher Type: SUN_STANDARD

Environment Variables:
PATH=/usr/bin:/bin:/usr/sbin:/sbin
SHELL=/bin/bash
DISPLAY=/private/tmp/com.apple.launchd.45WnerS8KJ/org.macosforge.xquartz:0

Signal Handlers:
SIGSEGV: [libjvm.dylib+0x5b03ed], sa_mask[0]=11111111011111110111111111111111, sa_flags=SA_ONSTACK|SA_RESTART|SA_SIGINFO
SIGBUS: [libjvm.dylib+0x5b03ed], sa_mask[0]=11111111011111110111111111111111, sa_flags=SA_RESTART|SA_SIGINFO
SIGFPE: [libjvm.dylib+0x48711c], sa_mask[0]=11111111011111110111111111111111, sa_flags=SA_RESTART|SA_SIGINFO
SIGPIPE: [libjvm.dylib+0x48711c], sa_mask[0]=11111111011111110111111111111111, sa_flags=SA_RESTART|SA_SIGINFO
SIGXFSZ: [libjvm.dylib+0x48711c], sa_mask[0]=11111111011111110111111111111111, sa_flags=SA_RESTART|SA_SIGINFO
SIGILL: [libjvm.dylib+0x48711c], sa_mask[0]=11111111011111110111111111111111, sa_flags=SA_RESTART|SA_SIGINFO
SIGUSR1: SIG_DFL, sa_mask[0]=00000000000000000000000000000000, sa_flags=none
SIGUSR2: [libjvm.dylib+0x486c3a], sa_mask[0]=00100000000000000000000000000000, sa_flags=SA_RESTART|SA_SIGINFO
SIGHUP: [libjvm.dylib+0x485211], sa_mask[0]=11111111011111110111111111111111, sa_flags=SA_RESTART|SA_SIGINFO
SIGINT: [libjvm.dylib+0x485211], sa_mask[0]=11111111011111110111111111111111, sa_flags=SA_RESTART|SA_SIGINFO
SIGTERM: [libjvm.dylib+0x485211], sa_mask[0]=11111111011111110111111111111111, sa_flags=SA_RESTART|SA_SIGINFO
SIGQUIT: [libjvm.dylib+0x485211], sa_mask[0]=11111111011111110111111111111111, sa_flags=SA_RESTART|SA_SIGINFO


---------------  S Y S T E M  ---------------

OS:Bsduname:Darwin 17.2.0 Darwin Kernel Version 17.2.0: Fri Sep 29 18:27:05 PDT 2017; root:xnu-4570.20.62~3/RELEASE_X86_64 x86_64
rlimit: STACK 8192k, CORE 0k, NPROC 709, NOFILE 10240, AS infinity
load average:1.99 1.94 1.98

CPU:total 4 (2 cores per cpu, 2 threads per core) family 6 model 69 stepping 1, cmov, cx8, fxsr, mmx, sse, sse2, sse3, ssse3, sse4.1, sse4.2, popcnt, avx, avx2, aes, clmul, erms, lzcnt, ht, tsc, tscinvbit, bmi1, bmi2

Memory: 4k page, physical 8388608k(455704k free)

/proc/meminfo:


vm_info: Java HotSpot(TM) 64-Bit Server VM (25.111-b14) for bsd-amd64 JRE (1.8.0_111-b14), built on Sep 22 2016 15:31:41 by "java_re" with gcc 4.2.1 (Based on Apple Inc. build 5658) (LLVM build 2336.11.00)

time: Thu Nov 23 12:28:26 2017
elapsed time: 4 seconds (0d 0h 0m 4s)

