#
# A fatal error has been detected by the Java Runtime Environment:
#
#  SIGSEGV (0xb) at pc=0x00000001246e9304, pid=3564, tid=0x0000000000000307
#
# JRE version: Java(TM) SE Runtime Environment (8.0_111-b14) (build 1.8.0_111-b14)
# Java VM: Java HotSpot(TM) 64-Bit Server VM (25.111-b14 mixed mode bsd-amd64 compressed oops)
# Problematic frame:
# C  [libglass.dylib+0x5304]  -[GlassApplication applicationWillHide:]+0xd4
#
# Failed to write core dump. Core dumps have been disabled. To enable core dumping, try "ulimit -c unlimited" before starting Java again
#
# If you would like to submit a bug report, please visit:
#   http://bugreport.java.com/bugreport/crash.jsp
#

---------------  T H R E A D  ---------------

Current thread is native thread

siginfo: si_signo: 11 (SIGSEGV), si_code: 1 (SEGV_MAPERR), si_addr: 0x0000000000000000

Registers:
RAX=0x00007f9ab67538a0, RBX=0x0000000000000000, RCX=0x0000000000000008, RDX=0x0000000000000000
RSP=0x00007ffee4e32800, RBP=0x00007ffee4e32c30, RSI=0x00007fff26c6b2b2, RDI=0x00007f9ab420f080
R8 =0x0000000000000000, R9 =0x00007f9ab67538a0, R10=0x00007fff834d71e8, R11=0x00007f9ab3c0f230
R12=0x00007fff4f3a7e80, R13=0x000000012472d550, R14=0x00007f9ab3c4c710, R15=0x00007f9ab67538a0
RIP=0x00000001246e9304, EFLAGS=0x0000000000010202, ERR=0x0000000000000004
  TRAPNO=0x000000000000000e

Top of Stack: (sp=0x00007ffee4e32800)
0x00007ffee4e32800:   00000001246e92a5 00007fff289d7cbc
0x00007ffee4e32810:   00007fff289d7baa 00007fff289d78f2
0x00007ffee4e32820:   00007fff289956d0 00007fff28994803
0x00007ffee4e32830:   00007fff2aa57477 00007fff263f441b
0x00007ffee4e32840:   00007fff2614b255 00007fff27cba284
0x00007ffee4e32850:   00007fff27cb95cd 00007fff27cce8d1
0x00007ffee4e32860:   00007fff25fdeedd 00007fff26773e6c
0x00007ffee4e32870:   00007fff25fd3831 0000000126ee414d
0x00007ffee4e32880:   00000001297004b3 00007fff2aab9985
0x00007ffee4e32890:   00007fff289e0821 00007fff28a9a4cc
0x00007ffee4e328a0:   00007fff289c32c0 00007fff289c273d
0x00007ffee4e328b0:   00007fff289c1fa3 000000010adcf465
0x00007ffee4e328c0:   000000010adcb18c 000000010add14c2
0x00007ffee4e328d0:   000000010adca9e4 0000000000000005
0x00007ffee4e328e0:   0000000000000000 0000000000000000
0x00007ffee4e328f0:   0000000000000000 0000000000000000
0x00007ffee4e32900:   0000000000000000 0000000000000000
0x00007ffee4e32910:   0000000000000000 0000000000000000
0x00007ffee4e32920:   0000000000000000 0000000000000000
0x00007ffee4e32930:   0000000000000000 0000000000000000
0x00007ffee4e32940:   00007fff894b8ec8 ffff80654c0c69e0
0x00007ffee4e32950:   0000000000000001 00007f9ab3f39620
0x00007ffee4e32960:   00007ffee4e329b0 00007fff4f3afd25
0x00007ffee4e32970:   ffff80654c0c69e0 00007f9ab50ec0f0
0x00007ffee4e32980:   00007fff894b8ec0 00007f9ab420f010
0x00007ffee4e32990:   a3a3a3a3a3a3a3a3 00007f9ab67f79c8
0x00007ffee4e329a0:   00007f9ab420f068 00007f9ab420f000
0x00007ffee4e329b0:   00007ffee4e32e00 00007fff4f3ab087
0x00007ffee4e329c0:   0000000000000000 0000000000000000
0x00007ffee4e329d0:   0000000000000000 0000000000000000
0x00007ffee4e329e0:   0000000000000000 0000000000000000
0x00007ffee4e329f0:   0000000000000000 0000000000000004 

Instructions: (pc=0x00000001246e9304)
0x00000001246e92e4:   8b 35 e6 f2 03 00 4c 8b 25 8f 7e 03 00 41 ff d4
0x00000001246e92f4:   48 8b 35 85 f2 03 00 48 89 c7 41 ff d4 49 89 c7
0x00000001246e9304:   48 8b 03 4c 8b a8 e8 01 00 00 48 8b 05 c3 0f 04
0x00000001246e9314:   00 4d 8b 34 06 48 8b 3d d8 04 04 00 48 8b 35 e1 

Register to memory mapping:

RAX=0x00007f9ab67538a0 is an unknown value
RBX=0x0000000000000000 is an unknown value
RCX=0x0000000000000008 is an unknown value
RDX=0x0000000000000000 is an unknown value
RSP=0x00007ffee4e32800 is an unknown value
RBP=0x00007ffee4e32c30 is an unknown value
RSI=0x00007fff26c6b2b2: .str.41.llvm.FE30BCA4+0x3a161 in /System/Library/Frameworks/AppKit.framework/Versions/C/AppKit at 0x00007fff25f9d000
RDI=0x00007f9ab420f080 is an unknown value
R8 =0x0000000000000000 is an unknown value
R9 =0x00007f9ab67538a0 is an unknown value
R10=0x00007fff834d71e8: OBJC_CLASS_$_NSAutoreleasePool+0 in /System/Library/Frameworks/Foundation.framework/Versions/C/Foundation at 0x00007fff2aa51000
R11=0x00007f9ab3c0f230 is an unknown value
R12=0x00007fff4f3a7e80: objc_msgSend+0 in /usr/lib/libobjc.A.dylib at 0x00007fff4f3a1000
R13=0x000000012472d550: jEnv+0 in /Library/Java/JavaVirtualMachines/jdk1.8.0_111.jdk/Contents/Home/jre/lib/libglass.dylib at 0x00000001246e4000
R14=0x00007f9ab3c4c710 is an unknown value
R15=0x00007f9ab67538a0 is an unknown value


Stack: [0x00007ffee4637000,0x00007ffee4e37000],  sp=0x00007ffee4e32800,  free space=8174k
Native frames: (J=compiled Java code, j=interpreted, Vv=VM code, C=native code)
C  [libglass.dylib+0x5304]  -[GlassApplication applicationWillHide:]+0xd4
C  [CoreFoundation+0x9acbc]  __CFNOTIFICATIONCENTER_IS_CALLING_OUT_TO_AN_OBSERVER__+0xc
C  [CoreFoundation+0x9abaa]  _CFXRegistrationPost+0x1ba
C  [CoreFoundation+0x9a8f2]  ___CFXNotificationPost_block_invoke+0x32
C  [CoreFoundation+0x586d0]  -[_CFXNotificationRegistrar find:object:observer:enumerator:]+0x680
C  [CoreFoundation+0x57803]  _CFXNotificationPost+0x253
C  [Foundation+0x6477]  -[NSNotificationCenter postNotificationName:object:userInfo:]+0x42
C  [AppKit+0x45741b]  -[NSApplication _doHideMaybeFakingIt:]+0x111
C  [AppKit+0x1ae255]  _hideShowHandler+0x76
C  [HIToolbox+0x8284]  DispatchEventToHandlers(EventTargetRec*, OpaqueEventRef*, HandlerCallRec*)+0x605
C  [HIToolbox+0x75cd]  SendEventToEventTargetInternal(OpaqueEventRef*, OpaqueEventTargetRef*, HandlerCallRec*)+0x176
C  [HIToolbox+0x1c8d1]  SendEventToEventTarget+0x27
C  [AppKit+0x41edd]  _DPSNextEvent+0xcdf
C  [AppKit+0x7d6e6c]  -[NSApplication(NSEvent) _nextEventMatchingEventMask:untilDate:inMode:dequeue:]+0xbe4
C  [AppKit+0x36831]  -[NSApplication run]+0x2fc
C  [libosxapp.dylib+0x214d]  +[NSApplicationAWT runAWTLoopWithApp:]+0x9c
C  [libawt_lwawt.dylib+0x444b3]  -[AWTStarter starter:]+0x389
C  [Foundation+0x68985]  __NSThreadPerformPerform+0x14e
C  [CoreFoundation+0xa3821]  __CFRUNLOOP_IS_CALLING_OUT_TO_A_SOURCE0_PERFORM_FUNCTION__+0x11
C  [CoreFoundation+0x15d4cc]  __CFRunLoopDoSource0+0x6c
C  [CoreFoundation+0x862c0]  __CFRunLoopDoSources0+0xd0
C  [CoreFoundation+0x8573d]  __CFRunLoopRun+0x50d
C  [CoreFoundation+0x84fa3]  CFRunLoopRunSpecific+0x1e3
C  [java+0x6465]  CreateExecutionEnvironment+0x367
C  [java+0x218c]  JLI_Launch+0x7a0
C  [java+0x84c2]  main+0x65
C  [java+0x19e4]  start+0x34


---------------  P R O C E S S  ---------------

VM state:not at safepoint (normal execution)

VM Mutex/Monitor currently owned by a thread: None

Heap:
 PSYoungGen      total 38400K, used 16853K [0x0000000795580000, 0x0000000798000000, 0x00000007c0000000)
  eden space 33280K, 36% used [0x0000000795580000,0x000000079615bcc0,0x0000000797600000)
  from space 5120K, 92% used [0x0000000797600000,0x0000000797a99ab0,0x0000000797b00000)
  to   space 5120K, 0% used [0x0000000797b00000,0x0000000797b00000,0x0000000798000000)
 ParOldGen       total 87552K, used 80K [0x0000000740000000, 0x0000000745580000, 0x0000000795580000)
  object space 87552K, 0% used [0x0000000740000000,0x0000000740014010,0x0000000745580000)
 Metaspace       used 18826K, capacity 19540K, committed 19712K, reserved 1067008K
  class space    used 2580K, capacity 2747K, committed 2816K, reserved 1048576K

Card table byte_map: [0x000000010cb61000,0x000000010cf62000] byte_map_base: 0x0000000109161000

Marking Bits: (ParMarkBitMap*) 0x000000010c0efd20
 Begin Bits: [0x000000010d20d000, 0x000000010f20d000)
 End Bits:   [0x000000010f20d000, 0x000000011120d000)

Polling page: 0x000000010ae45000

CodeCache: size=245760Kb used=5258Kb max_used=5258Kb free=240501Kb
 bounds [0x0000000111bc5000, 0x00000001120f5000, 0x0000000120bc5000]
 total_blobs=2374 nmethods=1673 adapters=614
 compilation: enabled

Compilation events (10 events):
Event: 7.797 Thread 0x00007f9ab4806800 1670       3       com.mysql.jdbc.Buffer::readFieldLength (76 bytes)
Event: 7.798 Thread 0x00007f9ab4806800 nmethod 1670 0x00000001120e8390 code [0x00000001120e8520, 0x00000001120e8928]
Event: 7.798 Thread 0x00007f9ab4806800 1671       3       com.mysql.jdbc.Buffer::fastSkipLenString (20 bytes)
Event: 7.798 Thread 0x00007f9ab4806800 nmethod 1671 0x00000001120e8a50 code [0x00000001120e8bc0, 0x00000001120e8de8]
Event: 7.825 Thread 0x00007f9ab4806800 1672       3       java.io.File::getName (42 bytes)
Event: 7.825 Thread 0x00007f9ab4806800 nmethod 1672 0x00000001120e8e90 code [0x00000001120e9020, 0x00000001120e94e8]
Event: 7.830 Thread 0x00007f9ab4806800 1674       1       java.lang.ThreadLocal::getMap (5 bytes)
Event: 7.831 Thread 0x00007f9ab4806800 nmethod 1674 0x00000001120e9690 code [0x00000001120e97e0, 0x00000001120e98f0]
Event: 7.831 Thread 0x00007f9ab4806800 1673       1       java.nio.charset.Charset::name (5 bytes)
Event: 7.831 Thread 0x00007f9ab4806800 nmethod 1673 0x00000001120e9990 code [0x00000001120e9ae0, 0x00000001120e9bf0]

GC Heap History (2 events):
Event: 1.760 GC heap before
{Heap before GC invocations=1 (full 0):
 PSYoungGen      total 38400K, used 33271K [0x0000000795580000, 0x0000000798000000, 0x00000007c0000000)
  eden space 33280K, 99% used [0x0000000795580000,0x00000007975fdeb8,0x0000000797600000)
  from space 5120K, 0% used [0x0000000797b00000,0x0000000797b00000,0x0000000798000000)
  to   space 5120K, 0% used [0x0000000797600000,0x0000000797600000,0x0000000797b00000)
 ParOldGen       total 87552K, used 0K [0x0000000740000000, 0x0000000745580000, 0x0000000795580000)
  object space 87552K, 0% used [0x0000000740000000,0x0000000740000000,0x0000000745580000)
 Metaspace       used 14813K, capacity 15444K, committed 15744K, reserved 1062912K
  class space    used 2176K, capacity 2330K, committed 2432K, reserved 1048576K
Event: 1.767 GC heap after
Heap after GC invocations=1 (full 0):
 PSYoungGen      total 38400K, used 4710K [0x0000000795580000, 0x0000000798000000, 0x00000007c0000000)
  eden space 33280K, 0% used [0x0000000795580000,0x0000000795580000,0x0000000797600000)
  from space 5120K, 92% used [0x0000000797600000,0x0000000797a99ab0,0x0000000797b00000)
  to   space 5120K, 0% used [0x0000000797b00000,0x0000000797b00000,0x0000000798000000)
 ParOldGen       total 87552K, used 80K [0x0000000740000000, 0x0000000745580000, 0x0000000795580000)
  object space 87552K, 0% used [0x0000000740000000,0x0000000740014010,0x0000000745580000)
 Metaspace       used 14813K, capacity 15444K, committed 15744K, reserved 1062912K
  class space    used 2176K, capacity 2330K, committed 2432K, reserved 1048576K
}

Deoptimization events (10 events):
Event: 1.502 Thread 0x00007f9ab420e800 Uncommon trap: reason=class_check action=maybe_recompile pc=0x0000000111cdd91c method=java.lang.String.equals(Ljava/lang/Object;)Z @ 8
Event: 1.718 Thread 0x00007f9ab5815000 Uncommon trap: reason=unstable_if action=reinterpret pc=0x0000000111e78994 method=sun.net.www.ParseUtil.encodePath(Ljava/lang/String;Z)Ljava/lang/String; @ 109
Event: 7.185 Thread 0x00007f9ab5a7c000 Uncommon trap: reason=unstable_if action=reinterpret pc=0x0000000111ef9014 method=java.util.zip.ZipCoder.getBytes(Ljava/lang/String;)[B @ 32
Event: 7.185 Thread 0x00007f9ab5a7c000 Uncommon trap: reason=unstable_if action=reinterpret pc=0x0000000111e335c8 method=java.lang.String.indexOf([CII[CIII)I @ 3
Event: 7.187 Thread 0x00007f9ab5011000 Uncommon trap: reason=unstable_if action=reinterpret pc=0x0000000111e64e88 method=java.lang.AbstractStringBuilder.append(Ljava/lang/String;)Ljava/lang/AbstractStringBuilder; @ 1
Event: 7.192 Thread 0x00007f9ab5011000 Uncommon trap: reason=unstable_if action=reinterpret pc=0x0000000111e1f550 method=sun.nio.cs.UTF_8$Decoder.decode([BII[C)I @ 30
Event: 7.285 Thread 0x00007f9ab5011000 Uncommon trap: reason=class_check action=maybe_recompile pc=0x0000000111ed7784 method=java.util.HashMap.putVal(ILjava/lang/Object;Ljava/lang/Object;ZZ)Ljava/lang/Object; @ 203
Event: 7.303 Thread 0x00007f9ab5011000 Uncommon trap: reason=unstable_if action=reinterpret pc=0x0000000111f79b34 method=java.lang.String.regionMatches(ZILjava/lang/String;II)Z @ 123
Event: 7.346 Thread 0x00007f9ab5011000 Uncommon trap: reason=unstable_if action=reinterpret pc=0x000000011209a5b4 method=java.util.Properties.loadConvert([CII[C)Ljava/lang/String; @ 4
Event: 7.346 Thread 0x00007f9ab5011000 Uncommon trap: reason=unstable_if action=reinterpret pc=0x0000000112097fa8 method=java.util.Properties$LineReader.readLine()I @ 174

Internal exceptions (10 events):
Event: 0.244 Thread 0x00007f9ab5011000 Exception <a 'java/security/PrivilegedActionException'> (0x000000079583f590) thrown at [/Users/java_re/workspace/8-2-build-macosx-x86_64/jdk8u111/7883/hotspot/src/share/vm/prims/jvm.cpp, line 1386]
Event: 0.245 Thread 0x00007f9ab5011000 Exception <a 'java/lang/NullPointerException'> (0x000000079583fd80) thrown at [/Users/java_re/workspace/8-2-build-macosx-x86_64/jdk8u111/7883/hotspot/src/share/vm/interpreter/linkResolver.cpp, line 1178]
Event: 0.748 Thread 0x00007f9ab420e800 Exception <a 'java/lang/NullPointerException'> (0x00000007961d95c0) thrown at [/Users/java_re/workspace/8-2-build-macosx-x86_64/jdk8u111/7883/hotspot/src/share/vm/interpreter/linkResolver.cpp, line 1178]
Event: 0.748 Thread 0x00007f9ab420e800 Exception <a 'java/lang/NullPointerException'> (0x00000007961d95c0) thrown at [/Users/java_re/workspace/8-2-build-macosx-x86_64/jdk8u111/7883/hotspot/src/share/vm/prims/jvm.cpp, line 1390]
Event: 0.966 Thread 0x00007f9ab420e800 Exception <a 'java/lang/ArrayIndexOutOfBoundsException': 58> (0x0000000796916610) thrown at [/Users/java_re/workspace/8-2-build-macosx-x86_64/jdk8u111/7883/hotspot/src/share/vm/interpreter/interpreterRuntime.cpp, line 366]
Event: 0.967 Thread 0x00007f9ab420e800 Exception <a 'java/lang/ArrayIndexOutOfBoundsException': 18> (0x00000007969172b0) thrown at [/Users/java_re/workspace/8-2-build-macosx-x86_64/jdk8u111/7883/hotspot/src/share/vm/interpreter/interpreterRuntime.cpp, line 366]
Event: 0.967 Thread 0x00007f9ab420e800 Exception <a 'java/lang/ArrayIndexOutOfBoundsException': 86> (0x0000000796918658) thrown at [/Users/java_re/workspace/8-2-build-macosx-x86_64/jdk8u111/7883/hotspot/src/share/vm/interpreter/interpreterRuntime.cpp, line 366]
Event: 1.015 Thread 0x00007f9ab420e800 Exception <a 'java/lang/ArrayIndexOutOfBoundsException'> (0x0000000796acdbc8) thrown at [/Users/java_re/workspace/8-2-build-macosx-x86_64/jdk8u111/7883/hotspot/src/share/vm/runtime/sharedRuntime.cpp, line 605]
Event: 1.018 Thread 0x00007f9ab420e800 Exception <a 'java/lang/ArrayIndexOutOfBoundsException'> (0x0000000796b15ac8) thrown at [/Users/java_re/workspace/8-2-build-macosx-x86_64/jdk8u111/7883/hotspot/src/share/vm/runtime/sharedRuntime.cpp, line 605]
Event: 7.187 Thread 0x00007f9ab5011000 Implicit null exception at 0x0000000111e64ab5 to 0x0000000111e64e75

Events (10 events):
Event: 7.830 loading class java/lang/ProcessEnvironment
Event: 7.830 loading class java/lang/ProcessEnvironment done
Event: 7.830 loading class java/lang/ProcessEnvironment$Variable
Event: 7.830 loading class java/lang/ProcessEnvironment$ExternalData
Event: 7.830 loading class java/lang/ProcessEnvironment$ExternalData done
Event: 7.830 loading class java/lang/ProcessEnvironment$Variable done
Event: 7.830 loading class java/lang/ProcessEnvironment$Value
Event: 7.830 loading class java/lang/ProcessEnvironment$Value done
Event: 7.831 loading class java/lang/ProcessEnvironment$StringEnvironment
Event: 7.831 loading class java/lang/ProcessEnvironment$StringEnvironment done


Dynamic libraries:
0x000000000131c000 	/System/Library/Frameworks/Cocoa.framework/Versions/A/Cocoa
0x000000000131c000 	/System/Library/Frameworks/Security.framework/Versions/A/Security
0x000000000131c000 	/System/Library/Frameworks/ApplicationServices.framework/Versions/A/ApplicationServices
0x000000000131c000 	/usr/lib/libz.1.dylib
0x000000000131c000 	/usr/lib/libSystem.B.dylib
0x000000000131c000 	/usr/lib/libobjc.A.dylib
0x000000000131c000 	/System/Library/Frameworks/CoreFoundation.framework/Versions/A/CoreFoundation
0x000000000131c000 	/System/Library/Frameworks/Foundation.framework/Versions/C/Foundation
0x000000000131c000 	/System/Library/Frameworks/AppKit.framework/Versions/C/AppKit
0x000000000131c000 	/System/Library/Frameworks/CoreData.framework/Versions/A/CoreData
0x000000000131c000 	/System/Library/PrivateFrameworks/RemoteViewServices.framework/Versions/A/RemoteViewServices
0x000000000131c000 	/System/Library/PrivateFrameworks/UIFoundation.framework/Versions/A/UIFoundation
0x000000000131c000 	/System/Library/PrivateFrameworks/DFRFoundation.framework/Versions/A/DFRFoundation
0x000000000131c000 	/System/Library/Frameworks/Metal.framework/Versions/A/Metal
0x000000000131c000 	/System/Library/PrivateFrameworks/DesktopServicesPriv.framework/Versions/A/DesktopServicesPriv
0x000000000131c000 	/usr/lib/libenergytrace.dylib
0x000000000131c000 	/System/Library/PrivateFrameworks/SkyLight.framework/Versions/A/SkyLight
0x000000000131c000 	/System/Library/Frameworks/CoreGraphics.framework/Versions/A/CoreGraphics
0x000000000131c000 	/usr/lib/libScreenReader.dylib
0x000000000131c000 	/System/Library/Frameworks/Accelerate.framework/Versions/A/Accelerate
0x000000000131c000 	/System/Library/Frameworks/IOSurface.framework/Versions/A/IOSurface
0x000000000131c000 	/System/Library/Frameworks/AudioToolbox.framework/Versions/A/AudioToolbox
0x000000000131c000 	/System/Library/Frameworks/AudioUnit.framework/Versions/A/AudioUnit
0x000000000131c000 	/System/Library/PrivateFrameworks/DataDetectorsCore.framework/Versions/A/DataDetectorsCore
0x000000000131c000 	/System/Library/Frameworks/Carbon.framework/Versions/A/Frameworks/HIToolbox.framework/Versions/A/HIToolbox
0x000000000131c000 	/usr/lib/libicucore.A.dylib
0x000000000131c000 	/System/Library/Frameworks/QuartzCore.framework/Versions/A/QuartzCore
0x000000000131c000 	/System/Library/Frameworks/Carbon.framework/Versions/A/Frameworks/SpeechRecognition.framework/Versions/A/SpeechRecognition
0x000000000131c000 	/usr/lib/libauto.dylib
0x000000000131c000 	/usr/lib/libxml2.2.dylib
0x000000000131c000 	/System/Library/PrivateFrameworks/CoreUI.framework/Versions/A/CoreUI
0x000000000131c000 	/System/Library/Frameworks/CoreAudio.framework/Versions/A/CoreAudio
0x000000000131c000 	/System/Library/Frameworks/DiskArbitration.framework/Versions/A/DiskArbitration
0x000000000131c000 	/usr/lib/liblangid.dylib
0x000000000131c000 	/System/Library/PrivateFrameworks/MultitouchSupport.framework/Versions/A/MultitouchSupport
0x000000000131c000 	/System/Library/Frameworks/IOKit.framework/Versions/A/IOKit
0x000000000131c000 	/usr/lib/libDiagnosticMessagesClient.dylib
0x000000000131c000 	/System/Library/Frameworks/CoreServices.framework/Versions/A/CoreServices
0x000000000131c000 	/System/Library/PrivateFrameworks/PerformanceAnalysis.framework/Versions/A/PerformanceAnalysis
0x000000000131c000 	/System/Library/Frameworks/OpenGL.framework/Versions/A/OpenGL
0x000000000131c000 	/System/Library/Frameworks/ColorSync.framework/Versions/A/ColorSync
0x000000000131c000 	/System/Library/Frameworks/CoreImage.framework/Versions/A/CoreImage
0x000000000131c000 	/System/Library/Frameworks/CoreText.framework/Versions/A/CoreText
0x000000000131c000 	/System/Library/Frameworks/ImageIO.framework/Versions/A/ImageIO
0x000000000131c000 	/System/Library/PrivateFrameworks/Backup.framework/Versions/A/Backup
0x000000000131c000 	/usr/lib/libarchive.2.dylib
0x000000000131c000 	/System/Library/Frameworks/CFNetwork.framework/Versions/A/CFNetwork
0x000000000131c000 	/System/Library/Frameworks/SystemConfiguration.framework/Versions/A/SystemConfiguration
0x000000000131c000 	/usr/lib/libCRFSuite.dylib
0x000000000131c000 	/usr/lib/libc++.1.dylib
0x000000000131c000 	/usr/lib/libc++abi.dylib
0x000000000131c000 	/usr/lib/system/libcache.dylib
0x000000000131c000 	/usr/lib/system/libcommonCrypto.dylib
0x000000000131c000 	/usr/lib/system/libcompiler_rt.dylib
0x000000000131c000 	/usr/lib/system/libcopyfile.dylib
0x000000000131c000 	/usr/lib/system/libcorecrypto.dylib
0x000000000131c000 	/usr/lib/system/libdispatch.dylib
0x000000000131c000 	/usr/lib/system/libdyld.dylib
0x000000000131c000 	/usr/lib/system/libkeymgr.dylib
0x000000000131c000 	/usr/lib/system/liblaunch.dylib
0x000000000131c000 	/usr/lib/system/libmacho.dylib
0x000000000131c000 	/usr/lib/system/libquarantine.dylib
0x000000000131c000 	/usr/lib/system/libremovefile.dylib
0x000000000131c000 	/usr/lib/system/libsystem_asl.dylib
0x000000000131c000 	/usr/lib/system/libsystem_blocks.dylib
0x000000000131c000 	/usr/lib/system/libsystem_c.dylib
0x000000000131c000 	/usr/lib/system/libsystem_configuration.dylib
0x000000000131c000 	/usr/lib/system/libsystem_coreservices.dylib
0x000000000131c000 	/usr/lib/system/libsystem_darwin.dylib
0x000000000131c000 	/usr/lib/system/libsystem_dnssd.dylib
0x000000000131c000 	/usr/lib/system/libsystem_info.dylib
0x000000000131c000 	/usr/lib/system/libsystem_m.dylib
0x000000000131c000 	/usr/lib/system/libsystem_malloc.dylib
0x000000000131c000 	/usr/lib/system/libsystem_network.dylib
0x000000000131c000 	/usr/lib/system/libsystem_networkextension.dylib
0x000000000131c000 	/usr/lib/system/libsystem_notify.dylib
0x000000000131c000 	/usr/lib/system/libsystem_sandbox.dylib
0x000000000131c000 	/usr/lib/system/libsystem_secinit.dylib
0x000000000131c000 	/usr/lib/system/libsystem_kernel.dylib
0x000000000131c000 	/usr/lib/system/libsystem_platform.dylib
0x000000000131c000 	/usr/lib/system/libsystem_pthread.dylib
0x000000000131c000 	/usr/lib/system/libsystem_symptoms.dylib
0x000000000131c000 	/usr/lib/system/libsystem_trace.dylib
0x000000000131c000 	/usr/lib/system/libunwind.dylib
0x000000000131c000 	/usr/lib/system/libxpc.dylib
0x000000000131c000 	/usr/lib/closure/libclosured.dylib
0x000000000131c000 	/usr/lib/libbsm.0.dylib
0x000000000131c000 	/usr/lib/system/libkxld.dylib
0x000000000131c000 	/usr/lib/libOpenScriptingUtil.dylib
0x000000000131c000 	/usr/lib/libcoretls.dylib
0x000000000131c000 	/usr/lib/libcoretls_cfhelpers.dylib
0x000000000131c000 	/usr/lib/libpam.2.dylib
0x000000000131c000 	/usr/lib/libsqlite3.dylib
0x000000000131c000 	/usr/lib/libxar.1.dylib
0x000000000131c000 	/usr/lib/libbz2.1.0.dylib
0x000000000131c000 	/usr/lib/liblzma.5.dylib
0x000000000131c000 	/usr/lib/libnetwork.dylib
0x000000000131c000 	/usr/lib/libapple_nghttp2.dylib
0x000000000131c000 	/usr/lib/libpcap.A.dylib
0x000000000131c000 	/usr/lib/libboringssl.dylib
0x000000000131c000 	/usr/lib/libusrtcp.dylib
0x000000000131c000 	/usr/lib/libapple_crypto.dylib
0x000000000131c000 	/System/Library/Frameworks/CoreServices.framework/Versions/A/Frameworks/FSEvents.framework/Versions/A/FSEvents
0x000000000131c000 	/System/Library/Frameworks/CoreServices.framework/Versions/A/Frameworks/CarbonCore.framework/Versions/A/CarbonCore
0x000000000131c000 	/System/Library/Frameworks/CoreServices.framework/Versions/A/Frameworks/Metadata.framework/Versions/A/Metadata
0x000000000131c000 	/System/Library/Frameworks/CoreServices.framework/Versions/A/Frameworks/OSServices.framework/Versions/A/OSServices
0x000000000131c000 	/System/Library/Frameworks/CoreServices.framework/Versions/A/Frameworks/SearchKit.framework/Versions/A/SearchKit
0x000000000131c000 	/System/Library/Frameworks/CoreServices.framework/Versions/A/Frameworks/AE.framework/Versions/A/AE
0x000000000131c000 	/System/Library/Frameworks/CoreServices.framework/Versions/A/Frameworks/LaunchServices.framework/Versions/A/LaunchServices
0x000000000131c000 	/System/Library/Frameworks/CoreServices.framework/Versions/A/Frameworks/DictionaryServices.framework/Versions/A/DictionaryServices
0x000000000131c000 	/System/Library/Frameworks/CoreServices.framework/Versions/A/Frameworks/SharedFileList.framework/Versions/A/SharedFileList
0x000000000131c000 	/System/Library/Frameworks/NetFS.framework/Versions/A/NetFS
0x000000000131c000 	/System/Library/PrivateFrameworks/NetAuth.framework/Versions/A/NetAuth
0x000000000131c000 	/System/Library/PrivateFrameworks/login.framework/Versions/A/Frameworks/loginsupport.framework/Versions/A/loginsupport
0x000000000131c000 	/System/Library/PrivateFrameworks/TCC.framework/Versions/A/TCC
0x000000000131c000 	/usr/lib/libmecabra.dylib
0x000000000131c000 	/System/Library/Frameworks/ApplicationServices.framework/Versions/A/Frameworks/ATS.framework/Versions/A/ATS
0x000000000131c000 	/System/Library/Frameworks/ApplicationServices.framework/Versions/A/Frameworks/ColorSyncLegacy.framework/Versions/A/ColorSyncLegacy
0x000000000131c000 	/System/Library/Frameworks/ApplicationServices.framework/Versions/A/Frameworks/HIServices.framework/Versions/A/HIServices
0x000000000131c000 	/System/Library/Frameworks/ApplicationServices.framework/Versions/A/Frameworks/LangAnalysis.framework/Versions/A/LangAnalysis
0x000000000131c000 	/System/Library/Frameworks/ApplicationServices.framework/Versions/A/Frameworks/PrintCore.framework/Versions/A/PrintCore
0x000000000131c000 	/System/Library/Frameworks/ApplicationServices.framework/Versions/A/Frameworks/QD.framework/Versions/A/QD
0x000000000131c000 	/System/Library/Frameworks/ApplicationServices.framework/Versions/A/Frameworks/SpeechSynthesis.framework/Versions/A/SpeechSynthesis
0x000000000131c000 	/System/Library/Frameworks/CoreDisplay.framework/Versions/A/CoreDisplay
0x000000000131c000 	/System/Library/Frameworks/Accelerate.framework/Versions/A/Frameworks/vImage.framework/Versions/A/vImage
0x000000000131c000 	/System/Library/Frameworks/Accelerate.framework/Versions/A/Frameworks/vecLib.framework/Versions/A/vecLib
0x000000000131c000 	/System/Library/Frameworks/Accelerate.framework/Versions/A/Frameworks/vecLib.framework/Versions/A/libvDSP.dylib
0x000000000131c000 	/System/Library/Frameworks/Accelerate.framework/Versions/A/Frameworks/vecLib.framework/Versions/A/libBNNS.dylib
0x000000000131c000 	/System/Library/Frameworks/Accelerate.framework/Versions/A/Frameworks/vecLib.framework/Versions/A/libQuadrature.dylib
0x000000000131c000 	/System/Library/Frameworks/Accelerate.framework/Versions/A/Frameworks/vecLib.framework/Versions/A/libvMisc.dylib
0x000000000131c000 	/System/Library/Frameworks/Accelerate.framework/Versions/A/Frameworks/vecLib.framework/Versions/A/libLAPACK.dylib
0x000000000131c000 	/System/Library/Frameworks/Accelerate.framework/Versions/A/Frameworks/vecLib.framework/Versions/A/libBLAS.dylib
0x000000000131c000 	/System/Library/Frameworks/Accelerate.framework/Versions/A/Frameworks/vecLib.framework/Versions/A/libLinearAlgebra.dylib
0x000000000131c000 	/System/Library/Frameworks/Accelerate.framework/Versions/A/Frameworks/vecLib.framework/Versions/A/libSparse.dylib
0x000000000131c000 	/System/Library/Frameworks/Accelerate.framework/Versions/A/Frameworks/vecLib.framework/Versions/A/libSparseBLAS.dylib
0x000000000131c000 	/System/Library/PrivateFrameworks/IOAccelerator.framework/Versions/A/IOAccelerator
0x000000000131c000 	/System/Library/PrivateFrameworks/IOPresentment.framework/Versions/A/IOPresentment
0x000000000131c000 	/System/Library/PrivateFrameworks/DSExternalDisplay.framework/Versions/A/DSExternalDisplay
0x000000000131c000 	/System/Library/Frameworks/OpenGL.framework/Versions/A/Libraries/libCoreFSCache.dylib
0x000000000131c000 	/System/Library/Frameworks/CoreVideo.framework/Versions/A/CoreVideo
0x000000000131c000 	/System/Library/PrivateFrameworks/GraphVisualizer.framework/Versions/A/GraphVisualizer
0x000000000131c000 	/System/Library/Frameworks/MetalPerformanceShaders.framework/Versions/A/MetalPerformanceShaders
0x000000000131c000 	/usr/lib/libFosl_dynamic.dylib
0x000000000131c000 	/System/Library/PrivateFrameworks/FaceCore.framework/Versions/A/FaceCore
0x000000000131c000 	/System/Library/Frameworks/OpenCL.framework/Versions/A/OpenCL
0x000000000131c000 	/usr/lib/libcompression.dylib
0x000000000131c000 	/System/Library/Frameworks/ApplicationServices.framework/Versions/A/Frameworks/ATS.framework/Versions/A/Resources/libFontParser.dylib
0x000000000131c000 	/System/Library/Frameworks/ApplicationServices.framework/Versions/A/Frameworks/ATS.framework/Versions/A/Resources/libFontRegistry.dylib
0x000000000131c000 	/System/Library/Frameworks/ImageIO.framework/Versions/A/Resources/libJPEG.dylib
0x000000000131c000 	/System/Library/Frameworks/ImageIO.framework/Versions/A/Resources/libTIFF.dylib
0x000000000131c000 	/System/Library/Frameworks/ImageIO.framework/Versions/A/Resources/libPng.dylib
0x000000000131c000 	/System/Library/Frameworks/ImageIO.framework/Versions/A/Resources/libGIF.dylib
0x000000000131c000 	/System/Library/Frameworks/ImageIO.framework/Versions/A/Resources/libJP2.dylib
0x000000000131c000 	/System/Library/Frameworks/ImageIO.framework/Versions/A/Resources/libRadiance.dylib
0x000000000131c000 	/System/Library/PrivateFrameworks/AppleJPEG.framework/Versions/A/AppleJPEG
0x000000000131c000 	/System/Library/PrivateFrameworks/MetalTools.framework/Versions/A/MetalTools
0x000000000131c000 	/System/Library/Frameworks/MetalPerformanceShaders.framework/Frameworks/MPSCore.framework/Versions/A/MPSCore
0x000000000131c000 	/System/Library/Frameworks/MetalPerformanceShaders.framework/Frameworks/MPSImage.framework/Versions/A/MPSImage
0x000000000131c000 	/System/Library/Frameworks/MetalPerformanceShaders.framework/Frameworks/MPSMatrix.framework/Versions/A/MPSMatrix
0x000000000131c000 	/System/Library/Frameworks/MetalPerformanceShaders.framework/Frameworks/MPSNeuralNetwork.framework/Versions/A/MPSNeuralNetwork
0x000000000131c000 	/System/Library/Frameworks/OpenGL.framework/Versions/A/Libraries/libGLU.dylib
0x000000000131c000 	/System/Library/Frameworks/OpenGL.framework/Versions/A/Libraries/libGFXShared.dylib
0x000000000131c000 	/System/Library/Frameworks/OpenGL.framework/Versions/A/Libraries/libGL.dylib
0x000000000131c000 	/System/Library/Frameworks/OpenGL.framework/Versions/A/Libraries/libGLImage.dylib
0x000000000131c000 	/System/Library/Frameworks/OpenGL.framework/Versions/A/Libraries/libCVMSPluginSupport.dylib
0x000000000131c000 	/System/Library/Frameworks/OpenGL.framework/Versions/A/Libraries/libCoreVMClient.dylib
0x000000000131c000 	/usr/lib/libcups.2.dylib
0x000000000131c000 	/System/Library/Frameworks/Kerberos.framework/Versions/A/Kerberos
0x000000000131c000 	/System/Library/Frameworks/GSS.framework/Versions/A/GSS
0x000000000131c000 	/usr/lib/libresolv.9.dylib
0x000000000131c000 	/usr/lib/libiconv.2.dylib
0x000000000131c000 	/System/Library/PrivateFrameworks/Heimdal.framework/Versions/A/Heimdal
0x000000000131c000 	/usr/lib/libheimdal-asn1.dylib
0x000000000131c000 	/System/Library/Frameworks/OpenDirectory.framework/Versions/A/OpenDirectory
0x000000000131c000 	/System/Library/PrivateFrameworks/CommonAuth.framework/Versions/A/CommonAuth
0x000000000131c000 	/System/Library/Frameworks/OpenDirectory.framework/Versions/A/Frameworks/CFOpenDirectory.framework/Versions/A/CFOpenDirectory
0x000000000131c000 	/System/Library/Frameworks/SecurityFoundation.framework/Versions/A/SecurityFoundation
0x000000000131c000 	/System/Library/PrivateFrameworks/APFS.framework/Versions/A/APFS
0x000000000131c000 	/usr/lib/libutil.dylib
0x000000000131c000 	/System/Library/PrivateFrameworks/AppleSauce.framework/Versions/A/AppleSauce
0x000000000131c000 	/System/Library/PrivateFrameworks/LinguisticData.framework/Versions/A/LinguisticData
0x000000000131c000 	/usr/lib/libmarisa.dylib
0x000000000131c000 	/System/Library/PrivateFrameworks/Lexicon.framework/Versions/A/Lexicon
0x000000000131c000 	/usr/lib/libChineseTokenizer.dylib
0x000000000131c000 	/usr/lib/libcmph.dylib
0x000000000131c000 	/System/Library/PrivateFrameworks/LanguageModeling.framework/Versions/A/LanguageModeling
0x000000000131c000 	/System/Library/PrivateFrameworks/CoreEmoji.framework/Versions/A/CoreEmoji
0x000000000131c000 	/System/Library/Frameworks/ServiceManagement.framework/Versions/A/ServiceManagement
0x000000000131c000 	/System/Library/PrivateFrameworks/BackgroundTaskManagement.framework/Versions/A/BackgroundTaskManagement
0x000000000131c000 	/usr/lib/libxslt.1.dylib
0x000000000131c000 	/System/Library/Frameworks/Carbon.framework/Versions/A/Frameworks/Ink.framework/Versions/A/Ink
0x000000000131c000 	/System/Library/PrivateFrameworks/TextureIO.framework/Versions/A/TextureIO
0x000000000131c000 	/usr/lib/libate.dylib
0x000000000131c000 	/System/Library/PrivateFrameworks/CrashReporterSupport.framework/Versions/A/CrashReporterSupport
0x000000000131c000 	/System/Library/PrivateFrameworks/Sharing.framework/Versions/A/Sharing
0x000000000131c000 	/System/Library/PrivateFrameworks/IconServices.framework/Versions/A/IconServices
0x000000000131c000 	/System/Library/PrivateFrameworks/ProtocolBuffer.framework/Versions/A/ProtocolBuffer
0x000000000131c000 	/System/Library/PrivateFrameworks/Apple80211.framework/Versions/A/Apple80211
0x000000000131c000 	/System/Library/Frameworks/CoreWLAN.framework/Versions/A/CoreWLAN
0x000000000131c000 	/System/Library/PrivateFrameworks/CoreUtils.framework/Versions/A/CoreUtils
0x000000000131c000 	/System/Library/Frameworks/IOBluetooth.framework/Versions/A/IOBluetooth
0x000000000131c000 	/System/Library/PrivateFrameworks/CoreWiFi.framework/Versions/A/CoreWiFi
0x000000000131c000 	/System/Library/Frameworks/CoreBluetooth.framework/Versions/A/CoreBluetooth
0x000000000131c000 	/System/Library/PrivateFrameworks/SignpostNotification.framework/Versions/A/SignpostNotification
0x000000000131c000 	/System/Library/PrivateFrameworks/DebugSymbols.framework/Versions/A/DebugSymbols
0x000000000131c000 	/System/Library/PrivateFrameworks/CoreSymbolication.framework/Versions/A/CoreSymbolication
0x000000000131c000 	/System/Library/PrivateFrameworks/Symbolication.framework/Versions/A/Symbolication
0x000000000131c000 	/System/Library/PrivateFrameworks/AppleFSCompression.framework/Versions/A/AppleFSCompression
0x000000000131c000 	/System/Library/PrivateFrameworks/SpeechRecognitionCore.framework/Versions/A/SpeechRecognitionCore
0x000000010b800000 	/Library/Java/JavaVirtualMachines/jdk1.8.0_111.jdk/Contents/Home/jre/lib/server/libjvm.dylib
0x000000000131c000 	/usr/lib/libstdc++.6.0.9.dylib
0x000000010ae02000 	/Library/Java/JavaVirtualMachines/jdk1.8.0_111.jdk/Contents/Home/jre/lib/libverify.dylib
0x000000010ae10000 	/Library/Java/JavaVirtualMachines/jdk1.8.0_111.jdk/Contents/Home/jre/lib/libjava.dylib
0x000000010ae8f000 	/Library/Java/JavaVirtualMachines/jdk1.8.0_111.jdk/Contents/Home/jre/lib/libzip.dylib
0x000000000131c000 	/System/Library/Frameworks/JavaVM.framework/Versions/A/Frameworks/JavaRuntimeSupport.framework/Versions/A/JavaRuntimeSupport
0x000000000131c000 	/System/Library/Frameworks/JavaVM.framework/Versions/A/Frameworks/JavaNativeFoundation.framework/Versions/A/JavaNativeFoundation
0x000000000131c000 	/System/Library/Frameworks/JavaVM.framework/Versions/A/JavaVM
0x000000000131c000 	/System/Library/Frameworks/Carbon.framework/Versions/A/Carbon
0x000000000131c000 	/System/Library/PrivateFrameworks/JavaLaunching.framework/Versions/A/JavaLaunching
0x000000000131c000 	/System/Library/Frameworks/Carbon.framework/Versions/A/Frameworks/CommonPanels.framework/Versions/A/CommonPanels
0x000000000131c000 	/System/Library/Frameworks/Carbon.framework/Versions/A/Frameworks/Help.framework/Versions/A/Help
0x000000000131c000 	/System/Library/Frameworks/Carbon.framework/Versions/A/Frameworks/ImageCapture.framework/Versions/A/ImageCapture
0x000000000131c000 	/System/Library/Frameworks/Carbon.framework/Versions/A/Frameworks/OpenScripting.framework/Versions/A/OpenScripting
0x000000000131c000 	/System/Library/Frameworks/Carbon.framework/Versions/A/Frameworks/Print.framework/Versions/A/Print
0x000000000131c000 	/System/Library/Frameworks/Carbon.framework/Versions/A/Frameworks/SecurityHI.framework/Versions/A/SecurityHI
0x0000000111ae1000 	/Library/Java/JavaVirtualMachines/jdk1.8.0_111.jdk/Contents/Home/jre/lib/libprism_es2.dylib
0x000000000131c000 	/System/Library/PrivateFrameworks/CoreServicesInternal.framework/Versions/A/CoreServicesInternal
0x000000000131c000 	/System/Library/Frameworks/OpenGL.framework/Versions/A/Resources/GLEngine.bundle/GLEngine
0x000000000131c000 	/System/Library/Frameworks/OpenGL.framework/Versions/A/Libraries/libGLProgrammability.dylib
0x0000000123b5f000 	/System/Library/Extensions/AppleIntelHD5000GraphicsGLDriver.bundle/Contents/MacOS/AppleIntelHD5000GraphicsGLDriver
0x000000000131c000 	/System/Library/PrivateFrameworks/GPUSupport.framework/Versions/A/Libraries/libGPUSupportMercury.dylib
0x000000000131c000 	/System/Library/Frameworks/OpenGL.framework/Versions/A/Resources/GLRendererFloat.bundle/GLRendererFloat
0x000000000131c000 	/System/Library/Frameworks/OpenCL.framework/Versions/A/Libraries/libcldcpuengine.dylib
0x000000000131c000 	/usr/lib/libcrypto.35.dylib
0x000000000131c000 	/System/Library/PrivateFrameworks/TrustEvaluationAgent.framework/Versions/A/TrustEvaluationAgent
0x00000001246e4000 	/Library/Java/JavaVirtualMachines/jdk1.8.0_111.jdk/Contents/Home/jre/lib/libglass.dylib
0x000000000131c000 	/System/Library/CoreServices/RawCamera.bundle/Contents/MacOS/RawCamera
0x000000000131c000 	/System/Library/PrivateFrameworks/MobileAsset.framework/Versions/A/MobileAsset
0x000000000131c000 	/System/Library/PrivateFrameworks/StreamingZip.framework/Versions/A/StreamingZip
0x000000000131c000 	/System/Library/Frameworks/MediaToolbox.framework/Versions/A/MediaToolbox
0x000000000131c000 	/System/Library/PrivateFrameworks/CoreAVCHD.framework/Versions/A/CoreAVCHD
0x000000000131c000 	/System/Library/Frameworks/MediaAccessibility.framework/Versions/A/MediaAccessibility
0x000000000131c000 	/System/Library/PrivateFrameworks/Mangrove.framework/Versions/A/Mangrove
0x000000000131c000 	/System/Library/Frameworks/CoreMedia.framework/Versions/A/CoreMedia
0x000000000131c000 	/System/Library/Frameworks/VideoToolbox.framework/Versions/A/VideoToolbox
0x000000000131c000 	/System/Library/PrivateFrameworks/CoreAUC.framework/Versions/A/CoreAUC
0x000000000131c000 	/usr/lib/libspindump.dylib
0x000000000131c000 	/usr/lib/libdscsym.dylib
0x000000000131c000 	/System/Library/PrivateFrameworks/AppleVA.framework/Versions/A/AppleVA
0x000000000131c000 	/System/Library/Frameworks/Accelerate.framework/Versions/A/Frameworks/vImage.framework/Versions/A/Libraries/libCGInterfaces.dylib
0x000000000131c000 	/System/Library/PrivateFrameworks/FamilyControls.framework/Versions/A/FamilyControls
0x000000000131c000 	/System/Library/PrivateFrameworks/CommerceKit.framework/Versions/A/Frameworks/CommerceCore.framework/Versions/A/CommerceCore
0x000000000131c000 	/System/Library/PrivateFrameworks/SystemAdministration.framework/Versions/A/SystemAdministration
0x000000000131c000 	/System/Library/PrivateFrameworks/AppContainer.framework/Versions/A/AppContainer
0x000000000131c000 	/System/Library/PrivateFrameworks/SecCodeWrapper.framework/Versions/A/SecCodeWrapper
0x000000000131c000 	/System/Library/PrivateFrameworks/DiskManagement.framework/Versions/A/DiskManagement
0x000000000131c000 	/System/Library/Frameworks/DirectoryService.framework/Versions/A/DirectoryService
0x000000000131c000 	/System/Library/PrivateFrameworks/DiskImages.framework/Versions/A/DiskImages
0x000000000131c000 	/System/Library/PrivateFrameworks/LoginUIKit.framework/Versions/A/Frameworks/LoginUICore.framework/Versions/A/LoginUICore
0x000000000131c000 	/usr/lib/libCoreStorage.dylib
0x000000000131c000 	/usr/lib/libcsfde.dylib
0x000000000131c000 	/usr/lib/libodfde.dylib
0x000000000131c000 	/System/Library/PrivateFrameworks/MediaKit.framework/Versions/A/MediaKit
0x000000000131c000 	/System/Library/Frameworks/DiscRecording.framework/Versions/A/DiscRecording
0x000000000131c000 	/System/Library/PrivateFrameworks/EFILogin.framework/Versions/A/EFILogin
0x000000000131c000 	/System/Library/PrivateFrameworks/ProtectedCloudStorage.framework/Versions/A/ProtectedCloudStorage
0x000000000131c000 	/usr/lib/libcurl.4.dylib
0x000000000131c000 	/usr/lib/libssl.35.dylib
0x000000000131c000 	/System/Library/Frameworks/LDAP.framework/Versions/A/LDAP
0x000000000131c000 	/usr/lib/libsasl2.2.dylib
0x000000000131c000 	/System/Library/PrivateFrameworks/CoreDaemon.framework/Versions/B/CoreDaemon
0x000000000131c000 	/System/Library/PrivateFrameworks/AppleSRP.framework/Versions/A/AppleSRP
0x000000000131c000 	/System/Library/Frameworks/ApplicationServices.framework/Versions/A/Frameworks/ATS.framework/Versions/A/Resources/libTrueTypeScaler.dylib
0x000000000131c000 	/System/Library/Extensions/AppleIntelHD5000GraphicsMTLDriver.bundle/Contents/MacOS/AppleIntelHD5000GraphicsMTLDriver
0x000000000131c000 	/System/Library/PrivateFrameworks/GPUCompiler.framework/Versions/3802/Libraries/libmetal_timestamp.dylib
0x0000000124deb000 	/Library/Java/JavaVirtualMachines/jdk1.8.0_111.jdk/Contents/Home/jre/lib/libjavafx_font.dylib
0x000000000131c000 	/System/Library/PrivateFrameworks/ViewBridge.framework/Versions/A/ViewBridge
0x0000000127c2d000 	/Library/Java/JavaVirtualMachines/jdk1.8.0_111.jdk/Contents/Home/jre/lib/libprism_common.dylib
0x0000000126e23000 	/Library/Java/JavaVirtualMachines/jdk1.8.0_111.jdk/Contents/Home/jre/lib/libnet.dylib
0x0000000126e3a000 	/Library/Java/JavaVirtualMachines/jdk1.8.0_111.jdk/Contents/Home/jre/lib/libawt.dylib
0x0000000127ae0000 	/Library/Java/JavaVirtualMachines/jdk1.8.0_111.jdk/Contents/Home/jre/lib/./libmlib_image.dylib
0x00000001296bc000 	/Library/Java/JavaVirtualMachines/jdk1.8.0_111.jdk/Contents/Home/jre/lib/libawt_lwawt.dylib
0x0000000126ee2000 	/Library/Java/JavaVirtualMachines/jdk1.8.0_111.jdk/Contents/Home/jre/lib/./libosxapp.dylib
0x000000000131c000 	/System/Library/Frameworks/ExceptionHandling.framework/Versions/A/ExceptionHandling

VM Arguments:
jvm_args: -Dfile.encoding=UTF-8 
java_command: application.Store
java_class_path (initial): /Users/raquel/Dropbox/IIT/Fall Term/ITMD_510-Object Oriented App/Final Project/workspace/eShop/eShop/bin:/Users/raquel/Dropbox/IIT/Fall Term/ITMD_510-Object Oriented App/Labs/Lab4/LAB04/libs/mysql-connector-java-5.1.44-bin.jar
Launcher Type: SUN_STANDARD

Environment Variables:
PATH=/usr/bin:/bin:/usr/sbin:/sbin
SHELL=/bin/bash
DISPLAY=/private/tmp/com.apple.launchd.45WnerS8KJ/org.macosforge.xquartz:0

Signal Handlers:
SIGSEGV: [libjvm.dylib+0x5b03ed], sa_mask[0]=11111111011111110111111111111111, sa_flags=SA_ONSTACK|SA_RESTART|SA_SIGINFO
SIGBUS: [libjvm.dylib+0x5b03ed], sa_mask[0]=11111111011111110111111111111111, sa_flags=SA_RESTART|SA_SIGINFO
SIGFPE: [libjvm.dylib+0x48711c], sa_mask[0]=11111111011111110111111111111111, sa_flags=SA_RESTART|SA_SIGINFO
SIGPIPE: [libjvm.dylib+0x48711c], sa_mask[0]=11111111011111110111111111111111, sa_flags=SA_RESTART|SA_SIGINFO
SIGXFSZ: [libjvm.dylib+0x48711c], sa_mask[0]=11111111011111110111111111111111, sa_flags=SA_RESTART|SA_SIGINFO
SIGILL: [libjvm.dylib+0x48711c], sa_mask[0]=11111111011111110111111111111111, sa_flags=SA_RESTART|SA_SIGINFO
SIGUSR1: SIG_DFL, sa_mask[0]=00000000000000000000000000000000, sa_flags=none
SIGUSR2: [libjvm.dylib+0x486c3a], sa_mask[0]=00100000000000000000000000000000, sa_flags=SA_RESTART|SA_SIGINFO
SIGHUP: [libjvm.dylib+0x485211], sa_mask[0]=11111111011111110111111111111111, sa_flags=SA_RESTART|SA_SIGINFO
SIGINT: [libjvm.dylib+0x485211], sa_mask[0]=11111111011111110111111111111111, sa_flags=SA_RESTART|SA_SIGINFO
SIGTERM: [libjvm.dylib+0x485211], sa_mask[0]=11111111011111110111111111111111, sa_flags=SA_RESTART|SA_SIGINFO
SIGQUIT: [libjvm.dylib+0x485211], sa_mask[0]=11111111011111110111111111111111, sa_flags=SA_RESTART|SA_SIGINFO


---------------  S Y S T E M  ---------------

OS:Bsduname:Darwin 17.2.0 Darwin Kernel Version 17.2.0: Fri Sep 29 18:27:05 PDT 2017; root:xnu-4570.20.62~3/RELEASE_X86_64 x86_64
rlimit: STACK 8192k, CORE 0k, NPROC 709, NOFILE 10240, AS infinity
load average:2.61 2.10 2.04

CPU:total 4 (2 cores per cpu, 2 threads per core) family 6 model 69 stepping 1, cmov, cx8, fxsr, mmx, sse, sse2, sse3, ssse3, sse4.1, sse4.2, popcnt, avx, avx2, aes, clmul, erms, lzcnt, ht, tsc, tscinvbit, bmi1, bmi2

Memory: 4k page, physical 8388608k(300560k free)

/proc/meminfo:


vm_info: Java HotSpot(TM) 64-Bit Server VM (25.111-b14) for bsd-amd64 JRE (1.8.0_111-b14), built on Sep 22 2016 15:31:41 by "java_re" with gcc 4.2.1 (Based on Apple Inc. build 5658) (LLVM build 2336.11.00)

time: Thu Nov 23 12:28:58 2017
elapsed time: 7 seconds (0d 0h 0m 7s)

